{"/Users/jackptoke/Coding/Mern/WeExplore/Backend/index.js": {"path":"/Users/jackptoke/Coding/Mern/WeExplore/Backend/index.js","statementMap":{"0":{"start":{"line":1,"column":16},"end":{"line":1,"column":34}},"1":{"start":{"line":2,"column":17},"end":{"line":2,"column":36}},"2":{"start":{"line":3,"column":13},"end":{"line":3,"column":28}},"3":{"start":{"line":4,"column":19},"end":{"line":4,"column":41}},"4":{"start":{"line":6,"column":0},"end":{"line":6,"column":27}},"5":{"start":{"line":8,"column":12},"end":{"line":8,"column":21}},"6":{"start":{"line":10,"column":0},"end":{"line":10,"column":27}},"7":{"start":{"line":11,"column":0},"end":{"line":11,"column":52}},"8":{"start":{"line":12,"column":0},"end":{"line":12,"column":16}},"9":{"start":{"line":14,"column":0},"end":{"line":21,"column":5}},"10":{"start":{"line":15,"column":4},"end":{"line":15,"column":51}},"11":{"start":{"line":16,"column":4},"end":{"line":19,"column":6}},"12":{"start":{"line":20,"column":4},"end":{"line":20,"column":11}},"13":{"start":{"line":24,"column":0},"end":{"line":24,"column":35}},"14":{"start":{"line":27,"column":17},"end":{"line":27,"column":116}},"15":{"start":{"line":30,"column":4},"end":{"line":36,"column":7}},"16":{"start":{"line":31,"column":8},"end":{"line":34,"column":54}},"17":{"start":{"line":32,"column":12},"end":{"line":32,"column":37}},"18":{"start":{"line":34,"column":12},"end":{"line":34,"column":54}},"19":{"start":{"line":46,"column":0},"end":{"line":46,"column":21}}},"fnMap":{"0":{"name":"(anonymous_0)","decl":{"start":{"line":14,"column":8},"end":{"line":14,"column":9}},"loc":{"start":{"line":14,"column":33},"end":{"line":21,"column":3}},"line":14},"1":{"name":"(anonymous_1)","decl":{"start":{"line":30,"column":55},"end":{"line":30,"column":56}},"loc":{"start":{"line":30,"column":64},"end":{"line":36,"column":5}},"line":30}},"branchMap":{"0":{"loc":{"start":{"line":31,"column":8},"end":{"line":34,"column":54}},"type":"if","locations":[{"start":{"line":31,"column":8},"end":{"line":34,"column":54}},{"start":{"line":31,"column":8},"end":{"line":34,"column":54}}],"line":31}},"s":{"0":2,"1":2,"2":2,"3":2,"4":2,"5":2,"6":2,"7":2,"8":2,"9":2,"10":10,"11":10,"12":10,"13":2,"14":2,"15":2,"16":2,"17":0,"18":2,"19":2},"f":{"0":10,"1":2},"b":{"0":[0,2]},"_coverageSchema":"1a1c01bbd47fc00a2c39e90264f33305004495a9","hash":"7b7c414d61229a9f1040c5678790fbbeecda8e17"}
,"/Users/jackptoke/Coding/Mern/WeExplore/Backend/controllers/email_controllers.js": {"path":"/Users/jackptoke/Coding/Mern/WeExplore/Backend/controllers/email_controllers.js","statementMap":{"0":{"start":{"line":1,"column":19},"end":{"line":1,"column":40}},"1":{"start":{"line":2,"column":0},"end":{"line":2,"column":27}},"2":{"start":{"line":4,"column":18},"end":{"line":32,"column":1}},"3":{"start":{"line":5,"column":41},"end":{"line":5,"column":49}},"4":{"start":{"line":7,"column":2},"end":{"line":7,"column":53}},"5":{"start":{"line":8,"column":20},"end":{"line":16,"column":4}},"6":{"start":{"line":17,"column":20},"end":{"line":22,"column":3}},"7":{"start":{"line":23,"column":2},"end":{"line":30,"column":5}},"8":{"start":{"line":24,"column":4},"end":{"line":29,"column":5}},"9":{"start":{"line":25,"column":6},"end":{"line":25,"column":25}},"10":{"start":{"line":27,"column":6},"end":{"line":27,"column":50}},"11":{"start":{"line":28,"column":6},"end":{"line":28,"column":16}},"12":{"start":{"line":31,"column":2},"end":{"line":31,"column":12}},"13":{"start":{"line":34,"column":0},"end":{"line":34,"column":31}}},"fnMap":{"0":{"name":"(anonymous_0)","decl":{"start":{"line":4,"column":18},"end":{"line":4,"column":19}},"loc":{"start":{"line":4,"column":32},"end":{"line":32,"column":1}},"line":4},"1":{"name":"(anonymous_1)","decl":{"start":{"line":23,"column":36},"end":{"line":23,"column":37}},"loc":{"start":{"line":23,"column":58},"end":{"line":30,"column":3}},"line":23}},"branchMap":{"0":{"loc":{"start":{"line":24,"column":4},"end":{"line":29,"column":5}},"type":"if","locations":[{"start":{"line":24,"column":4},"end":{"line":29,"column":5}},{"start":{"line":24,"column":4},"end":{"line":29,"column":5}}],"line":24}},"s":{"0":2,"1":2,"2":2,"3":0,"4":0,"5":0,"6":0,"7":0,"8":0,"9":0,"10":0,"11":0,"12":0,"13":2},"f":{"0":0,"1":0},"b":{"0":[0,0]},"_coverageSchema":"1a1c01bbd47fc00a2c39e90264f33305004495a9","hash":"6bfe599101adcda45928692ade9b09d346b50da9"}
,"/Users/jackptoke/Coding/Mern/WeExplore/Backend/controllers/event_controllers.js": {"path":"/Users/jackptoke/Coding/Mern/WeExplore/Backend/controllers/event_controllers.js","statementMap":{"0":{"start":{"line":1,"column":14},"end":{"line":1,"column":40}},"1":{"start":{"line":2,"column":18},"end":{"line":2,"column":48}},"2":{"start":{"line":3,"column":13},"end":{"line":3,"column":38}},"3":{"start":{"line":6,"column":20},"end":{"line":20,"column":1}},"4":{"start":{"line":7,"column":185},"end":{"line":7,"column":193}},"5":{"start":{"line":9,"column":22},"end":{"line":9,"column":33}},"6":{"start":{"line":11,"column":4},"end":{"line":13,"column":5}},"7":{"start":{"line":12,"column":8},"end":{"line":12,"column":132}},"8":{"start":{"line":15,"column":21},"end":{"line":15,"column":203}},"9":{"start":{"line":16,"column":4},"end":{"line":18,"column":56}},"10":{"start":{"line":17,"column":14},"end":{"line":17,"column":67}},"11":{"start":{"line":18,"column":17},"end":{"line":18,"column":54}},"12":{"start":{"line":22,"column":14},"end":{"line":37,"column":1}},"13":{"start":{"line":23,"column":17},"end":{"line":23,"column":19}},"14":{"start":{"line":25,"column":4},"end":{"line":34,"column":7}},"15":{"start":{"line":28,"column":8},"end":{"line":33,"column":9}},"16":{"start":{"line":29,"column":12},"end":{"line":29,"column":38}},"17":{"start":{"line":32,"column":12},"end":{"line":32,"column":41}},"18":{"start":{"line":36,"column":4},"end":{"line":36,"column":15}},"19":{"start":{"line":39,"column":15},"end":{"line":63,"column":1}},"20":{"start":{"line":40,"column":4},"end":{"line":40,"column":52}},"21":{"start":{"line":42,"column":216},"end":{"line":42,"column":224}},"22":{"start":{"line":44,"column":19},"end":{"line":44,"column":417}},"23":{"start":{"line":48,"column":4},"end":{"line":61,"column":7}},"24":{"start":{"line":51,"column":8},"end":{"line":57,"column":9}},"25":{"start":{"line":53,"column":12},"end":{"line":53,"column":41}},"26":{"start":{"line":56,"column":12},"end":{"line":56,"column":90}},"27":{"start":{"line":60,"column":8},"end":{"line":60,"column":34}},"28":{"start":{"line":62,"column":4},"end":{"line":62,"column":15}},"29":{"start":{"line":65,"column":20},"end":{"line":91,"column":1}},"30":{"start":{"line":66,"column":17},"end":{"line":66,"column":27}},"31":{"start":{"line":68,"column":22},"end":{"line":68,"column":33}},"32":{"start":{"line":70,"column":4},"end":{"line":72,"column":5}},"33":{"start":{"line":71,"column":8},"end":{"line":71,"column":132}},"34":{"start":{"line":74,"column":4},"end":{"line":89,"column":45}},"35":{"start":{"line":76,"column":8},"end":{"line":85,"column":9}},"36":{"start":{"line":77,"column":12},"end":{"line":77,"column":37}},"37":{"start":{"line":83,"column":12},"end":{"line":83,"column":41}},"38":{"start":{"line":84,"column":12},"end":{"line":84,"column":41}},"39":{"start":{"line":89,"column":18},"end":{"line":89,"column":43}},"40":{"start":{"line":90,"column":4},"end":{"line":90,"column":15}},"41":{"start":{"line":93,"column":28},"end":{"line":114,"column":1}},"42":{"start":{"line":94,"column":23},"end":{"line":94,"column":33}},"43":{"start":{"line":97,"column":24},"end":{"line":99,"column":6}},"44":{"start":{"line":98,"column":8},"end":{"line":98,"column":89}},"45":{"start":{"line":100,"column":23},"end":{"line":102,"column":6}},"46":{"start":{"line":101,"column":8},"end":{"line":101,"column":93}},"47":{"start":{"line":103,"column":25},"end":{"line":105,"column":6}},"48":{"start":{"line":104,"column":8},"end":{"line":104,"column":90}},"49":{"start":{"line":107,"column":23},"end":{"line":107,"column":72}},"50":{"start":{"line":109,"column":4},"end":{"line":109,"column":28}},"51":{"start":{"line":111,"column":4},"end":{"line":113,"column":92}},"52":{"start":{"line":112,"column":21},"end":{"line":112,"column":49}},"53":{"start":{"line":113,"column":18},"end":{"line":113,"column":90}},"54":{"start":{"line":116,"column":26},"end":{"line":123,"column":1}},"55":{"start":{"line":117,"column":23},"end":{"line":117,"column":33}},"56":{"start":{"line":120,"column":4},"end":{"line":122,"column":92}},"57":{"start":{"line":121,"column":21},"end":{"line":121,"column":49}},"58":{"start":{"line":122,"column":18},"end":{"line":122,"column":90}},"59":{"start":{"line":125,"column":22},"end":{"line":150,"column":1}},"60":{"start":{"line":126,"column":17},"end":{"line":126,"column":27}},"61":{"start":{"line":128,"column":4},"end":{"line":148,"column":7}},"62":{"start":{"line":131,"column":8},"end":{"line":131,"column":54}},"63":{"start":{"line":131,"column":20},"end":{"line":131,"column":54}},"64":{"start":{"line":132,"column":8},"end":{"line":132,"column":21}},"65":{"start":{"line":135,"column":8},"end":{"line":143,"column":10}},"66":{"start":{"line":138,"column":33},"end":{"line":138,"column":43}},"67":{"start":{"line":139,"column":12},"end":{"line":140,"column":59}},"68":{"start":{"line":140,"column":16},"end":{"line":140,"column":59}},"69":{"start":{"line":142,"column":12},"end":{"line":142,"column":35}},"70":{"start":{"line":146,"column":8},"end":{"line":146,"column":34}},"71":{"start":{"line":147,"column":8},"end":{"line":147,"column":34}},"72":{"start":{"line":149,"column":4},"end":{"line":149,"column":15}},"73":{"start":{"line":152,"column":26},"end":{"line":196,"column":1}},"74":{"start":{"line":153,"column":17},"end":{"line":153,"column":27}},"75":{"start":{"line":155,"column":4},"end":{"line":194,"column":7}},"76":{"start":{"line":158,"column":8},"end":{"line":158,"column":54}},"77":{"start":{"line":158,"column":20},"end":{"line":158,"column":54}},"78":{"start":{"line":159,"column":8},"end":{"line":159,"column":21}},"79":{"start":{"line":163,"column":8},"end":{"line":189,"column":9}},"80":{"start":{"line":164,"column":12},"end":{"line":164,"column":107}},"81":{"start":{"line":167,"column":12},"end":{"line":167,"column":80}},"82":{"start":{"line":167,"column":61},"end":{"line":167,"column":78}},"83":{"start":{"line":171,"column":12},"end":{"line":187,"column":111}},"84":{"start":{"line":174,"column":34},"end":{"line":174,"column":54}},"85":{"start":{"line":176,"column":16},"end":{"line":183,"column":19}},"86":{"start":{"line":178,"column":34},"end":{"line":178,"column":102}},"87":{"start":{"line":178,"column":67},"end":{"line":178,"column":101}},"88":{"start":{"line":181,"column":20},"end":{"line":181,"column":68}},"89":{"start":{"line":182,"column":20},"end":{"line":182,"column":66}},"90":{"start":{"line":185,"column":16},"end":{"line":185,"column":50}},"91":{"start":{"line":187,"column":26},"end":{"line":187,"column":110}},"92":{"start":{"line":192,"column":8},"end":{"line":192,"column":34}},"93":{"start":{"line":193,"column":8},"end":{"line":193,"column":34}},"94":{"start":{"line":195,"column":4},"end":{"line":195,"column":15}},"95":{"start":{"line":198,"column":20},"end":{"line":239,"column":1}},"96":{"start":{"line":199,"column":49},"end":{"line":199,"column":57}},"97":{"start":{"line":200,"column":25},"end":{"line":200,"column":56}},"98":{"start":{"line":202,"column":19},"end":{"line":202,"column":32}},"99":{"start":{"line":203,"column":4},"end":{"line":203,"column":36}},"100":{"start":{"line":205,"column":4},"end":{"line":236,"column":109}},"101":{"start":{"line":207,"column":8},"end":{"line":209,"column":9}},"102":{"start":{"line":208,"column":12},"end":{"line":208,"column":92}},"103":{"start":{"line":210,"column":35},"end":{"line":210,"column":55}},"104":{"start":{"line":211,"column":26},"end":{"line":213,"column":10}},"105":{"start":{"line":212,"column":12},"end":{"line":212,"column":50}},"106":{"start":{"line":215,"column":8},"end":{"line":233,"column":9}},"107":{"start":{"line":216,"column":33},"end":{"line":216,"column":94}},"108":{"start":{"line":218,"column":12},"end":{"line":218,"column":50}},"109":{"start":{"line":219,"column":12},"end":{"line":229,"column":15}},"110":{"start":{"line":221,"column":16},"end":{"line":223,"column":17}},"111":{"start":{"line":222,"column":20},"end":{"line":222,"column":67}},"112":{"start":{"line":224,"column":16},"end":{"line":224,"column":56}},"113":{"start":{"line":225,"column":16},"end":{"line":228,"column":95}},"114":{"start":{"line":226,"column":20},"end":{"line":226,"column":102}},"115":{"start":{"line":228,"column":20},"end":{"line":228,"column":95}},"116":{"start":{"line":232,"column":12},"end":{"line":232,"column":118}},"117":{"start":{"line":234,"column":8},"end":{"line":234,"column":21}},"118":{"start":{"line":236,"column":18},"end":{"line":236,"column":107}},"119":{"start":{"line":238,"column":4},"end":{"line":238,"column":15}},"120":{"start":{"line":242,"column":29},"end":{"line":278,"column":1}},"121":{"start":{"line":243,"column":28},"end":{"line":243,"column":36}},"122":{"start":{"line":245,"column":19},"end":{"line":245,"column":33}},"123":{"start":{"line":248,"column":4},"end":{"line":275,"column":109}},"124":{"start":{"line":250,"column":8},"end":{"line":252,"column":9}},"125":{"start":{"line":251,"column":12},"end":{"line":251,"column":92}},"126":{"start":{"line":254,"column":22},"end":{"line":256,"column":10}},"127":{"start":{"line":255,"column":12},"end":{"line":255,"column":50}},"128":{"start":{"line":258,"column":8},"end":{"line":272,"column":9}},"129":{"start":{"line":259,"column":12},"end":{"line":259,"column":79}},"130":{"start":{"line":260,"column":12},"end":{"line":268,"column":15}},"131":{"start":{"line":262,"column":16},"end":{"line":267,"column":17}},"132":{"start":{"line":263,"column":20},"end":{"line":263,"column":105}},"133":{"start":{"line":266,"column":20},"end":{"line":266,"column":107}},"134":{"start":{"line":271,"column":12},"end":{"line":271,"column":118}},"135":{"start":{"line":273,"column":8},"end":{"line":273,"column":21}},"136":{"start":{"line":275,"column":18},"end":{"line":275,"column":107}},"137":{"start":{"line":277,"column":4},"end":{"line":277,"column":15}},"138":{"start":{"line":280,"column":22},"end":{"line":319,"column":1}},"139":{"start":{"line":281,"column":28},"end":{"line":281,"column":36}},"140":{"start":{"line":283,"column":19},"end":{"line":283,"column":32}},"141":{"start":{"line":285,"column":4},"end":{"line":316,"column":109}},"142":{"start":{"line":286,"column":8},"end":{"line":286,"column":45}},"143":{"start":{"line":287,"column":8},"end":{"line":289,"column":9}},"144":{"start":{"line":288,"column":12},"end":{"line":288,"column":92}},"145":{"start":{"line":290,"column":35},"end":{"line":290,"column":55}},"146":{"start":{"line":291,"column":24},"end":{"line":293,"column":10}},"147":{"start":{"line":292,"column":12},"end":{"line":292,"column":50}},"148":{"start":{"line":294,"column":8},"end":{"line":294,"column":59}},"149":{"start":{"line":295,"column":8},"end":{"line":313,"column":9}},"150":{"start":{"line":296,"column":33},"end":{"line":296,"column":144}},"151":{"start":{"line":298,"column":12},"end":{"line":298,"column":50}},"152":{"start":{"line":299,"column":12},"end":{"line":309,"column":15}},"153":{"start":{"line":301,"column":16},"end":{"line":303,"column":17}},"154":{"start":{"line":302,"column":20},"end":{"line":302,"column":94}},"155":{"start":{"line":304,"column":16},"end":{"line":304,"column":56}},"156":{"start":{"line":305,"column":16},"end":{"line":308,"column":98}},"157":{"start":{"line":306,"column":20},"end":{"line":306,"column":104}},"158":{"start":{"line":308,"column":20},"end":{"line":308,"column":98}},"159":{"start":{"line":312,"column":12},"end":{"line":312,"column":114}},"160":{"start":{"line":314,"column":8},"end":{"line":314,"column":21}},"161":{"start":{"line":316,"column":18},"end":{"line":316,"column":107}},"162":{"start":{"line":318,"column":4},"end":{"line":318,"column":15}},"163":{"start":{"line":322,"column":22},"end":{"line":336,"column":1}},"164":{"start":{"line":323,"column":29},"end":{"line":323,"column":37}},"165":{"start":{"line":325,"column":19},"end":{"line":325,"column":32}},"166":{"start":{"line":326,"column":19},"end":{"line":326,"column":43}},"167":{"start":{"line":328,"column":16},"end":{"line":329,"column":95}},"168":{"start":{"line":329,"column":16},"end":{"line":329,"column":94}},"169":{"start":{"line":331,"column":4},"end":{"line":333,"column":5}},"170":{"start":{"line":332,"column":8},"end":{"line":332,"column":36}},"171":{"start":{"line":335,"column":4},"end":{"line":335,"column":15}},"172":{"start":{"line":338,"column":21},"end":{"line":352,"column":1}},"173":{"start":{"line":339,"column":26},"end":{"line":339,"column":34}},"174":{"start":{"line":341,"column":19},"end":{"line":341,"column":32}},"175":{"start":{"line":342,"column":19},"end":{"line":342,"column":37}},"176":{"start":{"line":344,"column":16},"end":{"line":345,"column":142}},"177":{"start":{"line":345,"column":16},"end":{"line":345,"column":141}},"178":{"start":{"line":347,"column":4},"end":{"line":349,"column":5}},"179":{"start":{"line":348,"column":8},"end":{"line":348,"column":36}},"180":{"start":{"line":351,"column":4},"end":{"line":351,"column":15}},"181":{"start":{"line":356,"column":0},"end":{"line":356,"column":213}}},"fnMap":{"0":{"name":"(anonymous_0)","decl":{"start":{"line":6,"column":20},"end":{"line":6,"column":21}},"loc":{"start":{"line":6,"column":34},"end":{"line":20,"column":1}},"line":6},"1":{"name":"(anonymous_1)","decl":{"start":{"line":17,"column":10},"end":{"line":17,"column":11}},"loc":{"start":{"line":17,"column":14},"end":{"line":17,"column":67}},"line":17},"2":{"name":"(anonymous_2)","decl":{"start":{"line":18,"column":11},"end":{"line":18,"column":12}},"loc":{"start":{"line":18,"column":17},"end":{"line":18,"column":54}},"line":18},"3":{"name":"(anonymous_3)","decl":{"start":{"line":22,"column":14},"end":{"line":22,"column":15}},"loc":{"start":{"line":22,"column":34},"end":{"line":37,"column":1}},"line":22},"4":{"name":"(anonymous_4)","decl":{"start":{"line":27,"column":10},"end":{"line":27,"column":11}},"loc":{"start":{"line":27,"column":26},"end":{"line":34,"column":5}},"line":27},"5":{"name":"(anonymous_5)","decl":{"start":{"line":39,"column":15},"end":{"line":39,"column":16}},"loc":{"start":{"line":39,"column":29},"end":{"line":63,"column":1}},"line":39},"6":{"name":"(anonymous_6)","decl":{"start":{"line":50,"column":10},"end":{"line":50,"column":11}},"loc":{"start":{"line":50,"column":19},"end":{"line":58,"column":5}},"line":50},"7":{"name":"(anonymous_7)","decl":{"start":{"line":59,"column":11},"end":{"line":59,"column":12}},"loc":{"start":{"line":59,"column":18},"end":{"line":61,"column":5}},"line":59},"8":{"name":"(anonymous_8)","decl":{"start":{"line":65,"column":20},"end":{"line":65,"column":21}},"loc":{"start":{"line":65,"column":34},"end":{"line":91,"column":1}},"line":65},"9":{"name":"(anonymous_9)","decl":{"start":{"line":75,"column":8},"end":{"line":75,"column":9}},"loc":{"start":{"line":75,"column":24},"end":{"line":88,"column":5}},"line":75},"10":{"name":"(anonymous_10)","decl":{"start":{"line":89,"column":11},"end":{"line":89,"column":12}},"loc":{"start":{"line":89,"column":18},"end":{"line":89,"column":43}},"line":89},"11":{"name":"(anonymous_11)","decl":{"start":{"line":93,"column":28},"end":{"line":93,"column":29}},"loc":{"start":{"line":93,"column":42},"end":{"line":114,"column":1}},"line":93},"12":{"name":"(anonymous_12)","decl":{"start":{"line":97,"column":48},"end":{"line":97,"column":49}},"loc":{"start":{"line":97,"column":59},"end":{"line":99,"column":5}},"line":97},"13":{"name":"(anonymous_13)","decl":{"start":{"line":100,"column":47},"end":{"line":100,"column":48}},"loc":{"start":{"line":100,"column":58},"end":{"line":102,"column":5}},"line":100},"14":{"name":"(anonymous_14)","decl":{"start":{"line":103,"column":49},"end":{"line":103,"column":50}},"loc":{"start":{"line":103,"column":60},"end":{"line":105,"column":5}},"line":103},"15":{"name":"(anonymous_15)","decl":{"start":{"line":112,"column":10},"end":{"line":112,"column":11}},"loc":{"start":{"line":112,"column":21},"end":{"line":112,"column":49}},"line":112},"16":{"name":"(anonymous_16)","decl":{"start":{"line":113,"column":11},"end":{"line":113,"column":12}},"loc":{"start":{"line":113,"column":18},"end":{"line":113,"column":90}},"line":113},"17":{"name":"(anonymous_17)","decl":{"start":{"line":116,"column":26},"end":{"line":116,"column":27}},"loc":{"start":{"line":116,"column":40},"end":{"line":123,"column":1}},"line":116},"18":{"name":"(anonymous_18)","decl":{"start":{"line":121,"column":10},"end":{"line":121,"column":11}},"loc":{"start":{"line":121,"column":21},"end":{"line":121,"column":49}},"line":121},"19":{"name":"(anonymous_19)","decl":{"start":{"line":122,"column":11},"end":{"line":122,"column":12}},"loc":{"start":{"line":122,"column":18},"end":{"line":122,"column":90}},"line":122},"20":{"name":"(anonymous_20)","decl":{"start":{"line":125,"column":22},"end":{"line":125,"column":23}},"loc":{"start":{"line":125,"column":36},"end":{"line":150,"column":1}},"line":125},"21":{"name":"(anonymous_21)","decl":{"start":{"line":129,"column":10},"end":{"line":129,"column":11}},"loc":{"start":{"line":129,"column":19},"end":{"line":133,"column":5}},"line":129},"22":{"name":"(anonymous_22)","decl":{"start":{"line":134,"column":10},"end":{"line":134,"column":11}},"loc":{"start":{"line":134,"column":17},"end":{"line":144,"column":5}},"line":134},"23":{"name":"(anonymous_23)","decl":{"start":{"line":136,"column":14},"end":{"line":136,"column":15}},"loc":{"start":{"line":136,"column":26},"end":{"line":143,"column":9}},"line":136},"24":{"name":"(anonymous_24)","decl":{"start":{"line":145,"column":11},"end":{"line":145,"column":12}},"loc":{"start":{"line":145,"column":18},"end":{"line":148,"column":5}},"line":145},"25":{"name":"(anonymous_25)","decl":{"start":{"line":152,"column":26},"end":{"line":152,"column":27}},"loc":{"start":{"line":152,"column":40},"end":{"line":196,"column":1}},"line":152},"26":{"name":"(anonymous_26)","decl":{"start":{"line":156,"column":10},"end":{"line":156,"column":11}},"loc":{"start":{"line":156,"column":19},"end":{"line":160,"column":5}},"line":156},"27":{"name":"(anonymous_27)","decl":{"start":{"line":161,"column":10},"end":{"line":161,"column":11}},"loc":{"start":{"line":161,"column":17},"end":{"line":190,"column":5}},"line":161},"28":{"name":"(anonymous_28)","decl":{"start":{"line":167,"column":49},"end":{"line":167,"column":50}},"loc":{"start":{"line":167,"column":61},"end":{"line":167,"column":78}},"line":167},"29":{"name":"(anonymous_29)","decl":{"start":{"line":172,"column":18},"end":{"line":172,"column":19}},"loc":{"start":{"line":172,"column":25},"end":{"line":186,"column":13}},"line":172},"30":{"name":"(anonymous_30)","decl":{"start":{"line":176,"column":30},"end":{"line":176,"column":31}},"loc":{"start":{"line":176,"column":38},"end":{"line":183,"column":17}},"line":176},"31":{"name":"(anonymous_31)","decl":{"start":{"line":178,"column":56},"end":{"line":178,"column":57}},"loc":{"start":{"line":178,"column":67},"end":{"line":178,"column":101}},"line":178},"32":{"name":"(anonymous_32)","decl":{"start":{"line":187,"column":19},"end":{"line":187,"column":20}},"loc":{"start":{"line":187,"column":26},"end":{"line":187,"column":110}},"line":187},"33":{"name":"(anonymous_33)","decl":{"start":{"line":191,"column":11},"end":{"line":191,"column":12}},"loc":{"start":{"line":191,"column":18},"end":{"line":194,"column":5}},"line":191},"34":{"name":"(anonymous_34)","decl":{"start":{"line":198,"column":20},"end":{"line":198,"column":21}},"loc":{"start":{"line":198,"column":34},"end":{"line":239,"column":1}},"line":198},"35":{"name":"(anonymous_35)","decl":{"start":{"line":205,"column":31},"end":{"line":205,"column":32}},"loc":{"start":{"line":205,"column":47},"end":{"line":235,"column":5}},"line":205},"36":{"name":"(anonymous_36)","decl":{"start":{"line":211,"column":50},"end":{"line":211,"column":51}},"loc":{"start":{"line":211,"column":61},"end":{"line":213,"column":9}},"line":211},"37":{"name":"(anonymous_37)","decl":{"start":{"line":220,"column":16},"end":{"line":220,"column":17}},"loc":{"start":{"line":220,"column":32},"end":{"line":229,"column":13}},"line":220},"38":{"name":"(anonymous_38)","decl":{"start":{"line":236,"column":11},"end":{"line":236,"column":12}},"loc":{"start":{"line":236,"column":18},"end":{"line":236,"column":107}},"line":236},"39":{"name":"(anonymous_39)","decl":{"start":{"line":242,"column":29},"end":{"line":242,"column":30}},"loc":{"start":{"line":242,"column":43},"end":{"line":278,"column":1}},"line":242},"40":{"name":"(anonymous_40)","decl":{"start":{"line":248,"column":26},"end":{"line":248,"column":27}},"loc":{"start":{"line":248,"column":42},"end":{"line":274,"column":5}},"line":248},"41":{"name":"(anonymous_41)","decl":{"start":{"line":254,"column":48},"end":{"line":254,"column":49}},"loc":{"start":{"line":254,"column":59},"end":{"line":256,"column":9}},"line":254},"42":{"name":"(anonymous_42)","decl":{"start":{"line":261,"column":16},"end":{"line":261,"column":17}},"loc":{"start":{"line":261,"column":22},"end":{"line":268,"column":13}},"line":261},"43":{"name":"(anonymous_43)","decl":{"start":{"line":275,"column":11},"end":{"line":275,"column":12}},"loc":{"start":{"line":275,"column":18},"end":{"line":275,"column":107}},"line":275},"44":{"name":"(anonymous_44)","decl":{"start":{"line":280,"column":22},"end":{"line":280,"column":23}},"loc":{"start":{"line":280,"column":36},"end":{"line":319,"column":1}},"line":280},"45":{"name":"(anonymous_45)","decl":{"start":{"line":285,"column":31},"end":{"line":285,"column":32}},"loc":{"start":{"line":285,"column":47},"end":{"line":315,"column":5}},"line":285},"46":{"name":"(anonymous_46)","decl":{"start":{"line":291,"column":53},"end":{"line":291,"column":54}},"loc":{"start":{"line":291,"column":64},"end":{"line":293,"column":9}},"line":291},"47":{"name":"(anonymous_47)","decl":{"start":{"line":300,"column":16},"end":{"line":300,"column":17}},"loc":{"start":{"line":300,"column":32},"end":{"line":309,"column":13}},"line":300},"48":{"name":"(anonymous_48)","decl":{"start":{"line":316,"column":11},"end":{"line":316,"column":12}},"loc":{"start":{"line":316,"column":18},"end":{"line":316,"column":107}},"line":316},"49":{"name":"(anonymous_49)","decl":{"start":{"line":322,"column":22},"end":{"line":322,"column":23}},"loc":{"start":{"line":322,"column":42},"end":{"line":336,"column":1}},"line":322},"50":{"name":"(anonymous_50)","decl":{"start":{"line":329,"column":11},"end":{"line":329,"column":12}},"loc":{"start":{"line":329,"column":16},"end":{"line":329,"column":94}},"line":329},"51":{"name":"(anonymous_51)","decl":{"start":{"line":338,"column":21},"end":{"line":338,"column":22}},"loc":{"start":{"line":338,"column":41},"end":{"line":352,"column":1}},"line":338},"52":{"name":"(anonymous_52)","decl":{"start":{"line":345,"column":11},"end":{"line":345,"column":12}},"loc":{"start":{"line":345,"column":16},"end":{"line":345,"column":141}},"line":345}},"branchMap":{"0":{"loc":{"start":{"line":11,"column":4},"end":{"line":13,"column":5}},"type":"if","locations":[{"start":{"line":11,"column":4},"end":{"line":13,"column":5}},{"start":{"line":11,"column":4},"end":{"line":13,"column":5}}],"line":11},"1":{"loc":{"start":{"line":28,"column":8},"end":{"line":33,"column":9}},"type":"if","locations":[{"start":{"line":28,"column":8},"end":{"line":33,"column":9}},{"start":{"line":28,"column":8},"end":{"line":33,"column":9}}],"line":28},"2":{"loc":{"start":{"line":51,"column":8},"end":{"line":57,"column":9}},"type":"if","locations":[{"start":{"line":51,"column":8},"end":{"line":57,"column":9}},{"start":{"line":51,"column":8},"end":{"line":57,"column":9}}],"line":51},"3":{"loc":{"start":{"line":70,"column":4},"end":{"line":72,"column":5}},"type":"if","locations":[{"start":{"line":70,"column":4},"end":{"line":72,"column":5}},{"start":{"line":70,"column":4},"end":{"line":72,"column":5}}],"line":70},"4":{"loc":{"start":{"line":76,"column":8},"end":{"line":85,"column":9}},"type":"if","locations":[{"start":{"line":76,"column":8},"end":{"line":85,"column":9}},{"start":{"line":76,"column":8},"end":{"line":85,"column":9}}],"line":76},"5":{"loc":{"start":{"line":131,"column":8},"end":{"line":131,"column":54}},"type":"if","locations":[{"start":{"line":131,"column":8},"end":{"line":131,"column":54}},{"start":{"line":131,"column":8},"end":{"line":131,"column":54}}],"line":131},"6":{"loc":{"start":{"line":139,"column":12},"end":{"line":140,"column":59}},"type":"if","locations":[{"start":{"line":139,"column":12},"end":{"line":140,"column":59}},{"start":{"line":139,"column":12},"end":{"line":140,"column":59}}],"line":139},"7":{"loc":{"start":{"line":158,"column":8},"end":{"line":158,"column":54}},"type":"if","locations":[{"start":{"line":158,"column":8},"end":{"line":158,"column":54}},{"start":{"line":158,"column":8},"end":{"line":158,"column":54}}],"line":158},"8":{"loc":{"start":{"line":163,"column":8},"end":{"line":189,"column":9}},"type":"if","locations":[{"start":{"line":163,"column":8},"end":{"line":189,"column":9}},{"start":{"line":163,"column":8},"end":{"line":189,"column":9}}],"line":163},"9":{"loc":{"start":{"line":207,"column":8},"end":{"line":209,"column":9}},"type":"if","locations":[{"start":{"line":207,"column":8},"end":{"line":209,"column":9}},{"start":{"line":207,"column":8},"end":{"line":209,"column":9}}],"line":207},"10":{"loc":{"start":{"line":207,"column":11},"end":{"line":207,"column":53}},"type":"binary-expr","locations":[{"start":{"line":207,"column":11},"end":{"line":207,"column":14}},{"start":{"line":207,"column":18},"end":{"line":207,"column":31}},{"start":{"line":207,"column":35},"end":{"line":207,"column":53}}],"line":207},"11":{"loc":{"start":{"line":215,"column":8},"end":{"line":233,"column":9}},"type":"if","locations":[{"start":{"line":215,"column":8},"end":{"line":233,"column":9}},{"start":{"line":215,"column":8},"end":{"line":233,"column":9}}],"line":215},"12":{"loc":{"start":{"line":221,"column":16},"end":{"line":223,"column":17}},"type":"if","locations":[{"start":{"line":221,"column":16},"end":{"line":223,"column":17}},{"start":{"line":221,"column":16},"end":{"line":223,"column":17}}],"line":221},"13":{"loc":{"start":{"line":225,"column":16},"end":{"line":228,"column":95}},"type":"if","locations":[{"start":{"line":225,"column":16},"end":{"line":228,"column":95}},{"start":{"line":225,"column":16},"end":{"line":228,"column":95}}],"line":225},"14":{"loc":{"start":{"line":250,"column":8},"end":{"line":252,"column":9}},"type":"if","locations":[{"start":{"line":250,"column":8},"end":{"line":252,"column":9}},{"start":{"line":250,"column":8},"end":{"line":252,"column":9}}],"line":250},"15":{"loc":{"start":{"line":250,"column":11},"end":{"line":250,"column":53}},"type":"binary-expr","locations":[{"start":{"line":250,"column":11},"end":{"line":250,"column":14}},{"start":{"line":250,"column":18},"end":{"line":250,"column":31}},{"start":{"line":250,"column":35},"end":{"line":250,"column":53}}],"line":250},"16":{"loc":{"start":{"line":258,"column":8},"end":{"line":272,"column":9}},"type":"if","locations":[{"start":{"line":258,"column":8},"end":{"line":272,"column":9}},{"start":{"line":258,"column":8},"end":{"line":272,"column":9}}],"line":258},"17":{"loc":{"start":{"line":258,"column":11},"end":{"line":258,"column":55}},"type":"binary-expr","locations":[{"start":{"line":258,"column":11},"end":{"line":258,"column":21}},{"start":{"line":258,"column":25},"end":{"line":258,"column":55}}],"line":258},"18":{"loc":{"start":{"line":262,"column":16},"end":{"line":267,"column":17}},"type":"if","locations":[{"start":{"line":262,"column":16},"end":{"line":267,"column":17}},{"start":{"line":262,"column":16},"end":{"line":267,"column":17}}],"line":262},"19":{"loc":{"start":{"line":287,"column":8},"end":{"line":289,"column":9}},"type":"if","locations":[{"start":{"line":287,"column":8},"end":{"line":289,"column":9}},{"start":{"line":287,"column":8},"end":{"line":289,"column":9}}],"line":287},"20":{"loc":{"start":{"line":287,"column":11},"end":{"line":287,"column":53}},"type":"binary-expr","locations":[{"start":{"line":287,"column":11},"end":{"line":287,"column":14}},{"start":{"line":287,"column":18},"end":{"line":287,"column":31}},{"start":{"line":287,"column":35},"end":{"line":287,"column":53}}],"line":287},"21":{"loc":{"start":{"line":295,"column":8},"end":{"line":313,"column":9}},"type":"if","locations":[{"start":{"line":295,"column":8},"end":{"line":313,"column":9}},{"start":{"line":295,"column":8},"end":{"line":313,"column":9}}],"line":295},"22":{"loc":{"start":{"line":301,"column":16},"end":{"line":303,"column":17}},"type":"if","locations":[{"start":{"line":301,"column":16},"end":{"line":303,"column":17}},{"start":{"line":301,"column":16},"end":{"line":303,"column":17}}],"line":301},"23":{"loc":{"start":{"line":305,"column":16},"end":{"line":308,"column":98}},"type":"if","locations":[{"start":{"line":305,"column":16},"end":{"line":308,"column":98}},{"start":{"line":305,"column":16},"end":{"line":308,"column":98}}],"line":305},"24":{"loc":{"start":{"line":331,"column":4},"end":{"line":333,"column":5}},"type":"if","locations":[{"start":{"line":331,"column":4},"end":{"line":333,"column":5}},{"start":{"line":331,"column":4},"end":{"line":333,"column":5}}],"line":331},"25":{"loc":{"start":{"line":347,"column":4},"end":{"line":349,"column":5}},"type":"if","locations":[{"start":{"line":347,"column":4},"end":{"line":349,"column":5}},{"start":{"line":347,"column":4},"end":{"line":349,"column":5}}],"line":347}},"s":{"0":2,"1":2,"2":2,"3":2,"4":0,"5":0,"6":0,"7":0,"8":0,"9":0,"10":0,"11":0,"12":2,"13":0,"14":0,"15":0,"16":0,"17":0,"18":0,"19":2,"20":0,"21":0,"22":0,"23":0,"24":0,"25":0,"26":0,"27":0,"28":0,"29":2,"30":0,"31":0,"32":0,"33":0,"34":0,"35":0,"36":0,"37":0,"38":0,"39":0,"40":0,"41":2,"42":0,"43":0,"44":0,"45":0,"46":0,"47":0,"48":0,"49":0,"50":0,"51":0,"52":0,"53":0,"54":2,"55":0,"56":0,"57":0,"58":0,"59":2,"60":0,"61":0,"62":0,"63":0,"64":0,"65":0,"66":0,"67":0,"68":0,"69":0,"70":0,"71":0,"72":0,"73":2,"74":0,"75":0,"76":0,"77":0,"78":0,"79":0,"80":0,"81":0,"82":0,"83":0,"84":0,"85":0,"86":0,"87":0,"88":0,"89":0,"90":0,"91":0,"92":0,"93":0,"94":0,"95":2,"96":0,"97":0,"98":0,"99":0,"100":0,"101":0,"102":0,"103":0,"104":0,"105":0,"106":0,"107":0,"108":0,"109":0,"110":0,"111":0,"112":0,"113":0,"114":0,"115":0,"116":0,"117":0,"118":0,"119":0,"120":2,"121":0,"122":0,"123":0,"124":0,"125":0,"126":0,"127":0,"128":0,"129":0,"130":0,"131":0,"132":0,"133":0,"134":0,"135":0,"136":0,"137":0,"138":2,"139":0,"140":0,"141":0,"142":0,"143":0,"144":0,"145":0,"146":0,"147":0,"148":0,"149":0,"150":0,"151":0,"152":0,"153":0,"154":0,"155":0,"156":0,"157":0,"158":0,"159":0,"160":0,"161":0,"162":0,"163":2,"164":0,"165":0,"166":0,"167":0,"168":0,"169":0,"170":0,"171":0,"172":2,"173":0,"174":0,"175":0,"176":0,"177":0,"178":0,"179":0,"180":0,"181":2},"f":{"0":0,"1":0,"2":0,"3":0,"4":0,"5":0,"6":0,"7":0,"8":0,"9":0,"10":0,"11":0,"12":0,"13":0,"14":0,"15":0,"16":0,"17":0,"18":0,"19":0,"20":0,"21":0,"22":0,"23":0,"24":0,"25":0,"26":0,"27":0,"28":0,"29":0,"30":0,"31":0,"32":0,"33":0,"34":0,"35":0,"36":0,"37":0,"38":0,"39":0,"40":0,"41":0,"42":0,"43":0,"44":0,"45":0,"46":0,"47":0,"48":0,"49":0,"50":0,"51":0,"52":0},"b":{"0":[0,0],"1":[0,0],"2":[0,0],"3":[0,0],"4":[0,0],"5":[0,0],"6":[0,0],"7":[0,0],"8":[0,0],"9":[0,0],"10":[0,0,0],"11":[0,0],"12":[0,0],"13":[0,0],"14":[0,0],"15":[0,0,0],"16":[0,0],"17":[0,0],"18":[0,0],"19":[0,0],"20":[0,0,0],"21":[0,0],"22":[0,0],"23":[0,0],"24":[0,0],"25":[0,0]},"_coverageSchema":"1a1c01bbd47fc00a2c39e90264f33305004495a9","hash":"f7e99794ddc9bd8464fa35fe251331286db21284"}
,"/Users/jackptoke/Coding/Mern/WeExplore/Backend/controllers/image_controllers.js": {"path":"/Users/jackptoke/Coding/Mern/WeExplore/Backend/controllers/image_controllers.js","statementMap":{"0":{"start":{"line":1,"column":17},"end":{"line":1,"column":34}},"1":{"start":{"line":2,"column":10},"end":{"line":2,"column":28}},"2":{"start":{"line":3,"column":0},"end":{"line":3,"column":27}},"3":{"start":{"line":5,"column":0},"end":{"line":9,"column":3}},"4":{"start":{"line":13,"column":20},"end":{"line":36,"column":1}},"5":{"start":{"line":15,"column":24},"end":{"line":15,"column":32}},"6":{"start":{"line":17,"column":16},"end":{"line":17,"column":34}},"7":{"start":{"line":18,"column":13},"end":{"line":18,"column":25}},"8":{"start":{"line":20,"column":16},"end":{"line":33,"column":5}},"9":{"start":{"line":27,"column":8},"end":{"line":30,"column":91}},"10":{"start":{"line":28,"column":12},"end":{"line":28,"column":83}},"11":{"start":{"line":30,"column":12},"end":{"line":30,"column":91}},"12":{"start":{"line":35,"column":4},"end":{"line":35,"column":15}},"13":{"start":{"line":39,"column":0},"end":{"line":39,"column":33}}},"fnMap":{"0":{"name":"(anonymous_0)","decl":{"start":{"line":13,"column":20},"end":{"line":13,"column":21}},"loc":{"start":{"line":13,"column":34},"end":{"line":36,"column":1}},"line":13},"1":{"name":"(anonymous_1)","decl":{"start":{"line":26,"column":4},"end":{"line":26,"column":5}},"loc":{"start":{"line":26,"column":16},"end":{"line":32,"column":9}},"line":26}},"branchMap":{"0":{"loc":{"start":{"line":27,"column":8},"end":{"line":30,"column":91}},"type":"if","locations":[{"start":{"line":27,"column":8},"end":{"line":30,"column":91}},{"start":{"line":27,"column":8},"end":{"line":30,"column":91}}],"line":27}},"s":{"0":2,"1":2,"2":2,"3":2,"4":2,"5":0,"6":0,"7":0,"8":0,"9":0,"10":0,"11":0,"12":0,"13":2},"f":{"0":0,"1":0},"b":{"0":[0,0]},"_coverageSchema":"1a1c01bbd47fc00a2c39e90264f33305004495a9","hash":"a9224c45fe0430b6ebee70bdc2a8e288690b9f1e"}
,"/Users/jackptoke/Coding/Mern/WeExplore/Backend/controllers/presenter_controllers.js": {"path":"/Users/jackptoke/Coding/Mern/WeExplore/Backend/controllers/presenter_controllers.js","statementMap":{"0":{"start":{"line":1,"column":18},"end":{"line":1,"column":48}},"1":{"start":{"line":4,"column":14},"end":{"line":25,"column":1}},"2":{"start":{"line":5,"column":8},"end":{"line":21,"column":11}},"3":{"start":{"line":6,"column":8},"end":{"line":10,"column":9}},"4":{"start":{"line":7,"column":12},"end":{"line":9,"column":68}},"5":{"start":{"line":11,"column":8},"end":{"line":20,"column":9}},"6":{"start":{"line":12,"column":12},"end":{"line":15,"column":15}},"7":{"start":{"line":19,"column":12},"end":{"line":19,"column":44}},"8":{"start":{"line":24,"column":4},"end":{"line":24,"column":15}},"9":{"start":{"line":27,"column":24},"end":{"line":37,"column":1}},"10":{"start":{"line":28,"column":109},"end":{"line":28,"column":117}},"11":{"start":{"line":30,"column":25},"end":{"line":32,"column":6}},"12":{"start":{"line":34,"column":4},"end":{"line":36,"column":56}},"13":{"start":{"line":35,"column":14},"end":{"line":35,"column":90}},"14":{"start":{"line":36,"column":17},"end":{"line":36,"column":54}},"15":{"start":{"line":39,"column":24},"end":{"line":44,"column":1}},"16":{"start":{"line":40,"column":116},"end":{"line":40,"column":124}},"17":{"start":{"line":41,"column":4},"end":{"line":43,"column":57}},"18":{"start":{"line":42,"column":16},"end":{"line":42,"column":100}},"19":{"start":{"line":43,"column":18},"end":{"line":43,"column":55}},"20":{"start":{"line":46,"column":24},"end":{"line":51,"column":1}},"21":{"start":{"line":47,"column":18},"end":{"line":47,"column":26}},"22":{"start":{"line":48,"column":4},"end":{"line":50,"column":133}},"23":{"start":{"line":49,"column":15},"end":{"line":49,"column":99}},"24":{"start":{"line":50,"column":18},"end":{"line":50,"column":132}},"25":{"start":{"line":53,"column":28},"end":{"line":59,"column":1}},"26":{"start":{"line":54,"column":20},"end":{"line":54,"column":30}},"27":{"start":{"line":56,"column":4},"end":{"line":58,"column":134}},"28":{"start":{"line":57,"column":25},"end":{"line":57,"column":57}},"29":{"start":{"line":58,"column":18},"end":{"line":58,"column":132}},"30":{"start":{"line":61,"column":26},"end":{"line":67,"column":1}},"31":{"start":{"line":62,"column":17},"end":{"line":62,"column":27}},"32":{"start":{"line":64,"column":4},"end":{"line":66,"column":134}},"33":{"start":{"line":65,"column":25},"end":{"line":65,"column":57}},"34":{"start":{"line":66,"column":18},"end":{"line":66,"column":132}},"35":{"start":{"line":69,"column":27},"end":{"line":76,"column":1}},"36":{"start":{"line":70,"column":20},"end":{"line":70,"column":30}},"37":{"start":{"line":72,"column":4},"end":{"line":72,"column":27}},"38":{"start":{"line":73,"column":4},"end":{"line":75,"column":92}},"39":{"start":{"line":74,"column":25},"end":{"line":74,"column":57}},"40":{"start":{"line":75,"column":18},"end":{"line":75,"column":90}},"41":{"start":{"line":78,"column":0},"end":{"line":78,"column":137}}},"fnMap":{"0":{"name":"(anonymous_0)","decl":{"start":{"line":4,"column":14},"end":{"line":4,"column":15}},"loc":{"start":{"line":4,"column":28},"end":{"line":25,"column":1}},"line":4},"1":{"name":"(anonymous_1)","decl":{"start":{"line":5,"column":27},"end":{"line":5,"column":28}},"loc":{"start":{"line":5,"column":47},"end":{"line":21,"column":9}},"line":5},"2":{"name":"(anonymous_2)","decl":{"start":{"line":27,"column":24},"end":{"line":27,"column":25}},"loc":{"start":{"line":27,"column":38},"end":{"line":37,"column":1}},"line":27},"3":{"name":"(anonymous_3)","decl":{"start":{"line":35,"column":10},"end":{"line":35,"column":11}},"loc":{"start":{"line":35,"column":14},"end":{"line":35,"column":90}},"line":35},"4":{"name":"(anonymous_4)","decl":{"start":{"line":36,"column":11},"end":{"line":36,"column":12}},"loc":{"start":{"line":36,"column":17},"end":{"line":36,"column":54}},"line":36},"5":{"name":"(anonymous_5)","decl":{"start":{"line":39,"column":24},"end":{"line":39,"column":25}},"loc":{"start":{"line":39,"column":38},"end":{"line":44,"column":1}},"line":39},"6":{"name":"(anonymous_6)","decl":{"start":{"line":42,"column":10},"end":{"line":42,"column":11}},"loc":{"start":{"line":42,"column":16},"end":{"line":42,"column":100}},"line":42},"7":{"name":"(anonymous_7)","decl":{"start":{"line":43,"column":11},"end":{"line":43,"column":12}},"loc":{"start":{"line":43,"column":18},"end":{"line":43,"column":55}},"line":43},"8":{"name":"(anonymous_8)","decl":{"start":{"line":46,"column":24},"end":{"line":46,"column":25}},"loc":{"start":{"line":46,"column":38},"end":{"line":51,"column":1}},"line":46},"9":{"name":"(anonymous_9)","decl":{"start":{"line":49,"column":10},"end":{"line":49,"column":11}},"loc":{"start":{"line":49,"column":15},"end":{"line":49,"column":99}},"line":49},"10":{"name":"(anonymous_10)","decl":{"start":{"line":50,"column":11},"end":{"line":50,"column":12}},"loc":{"start":{"line":50,"column":18},"end":{"line":50,"column":132}},"line":50},"11":{"name":"(anonymous_11)","decl":{"start":{"line":53,"column":28},"end":{"line":53,"column":29}},"loc":{"start":{"line":53,"column":42},"end":{"line":59,"column":1}},"line":53},"12":{"name":"(anonymous_12)","decl":{"start":{"line":57,"column":10},"end":{"line":57,"column":11}},"loc":{"start":{"line":57,"column":25},"end":{"line":57,"column":57}},"line":57},"13":{"name":"(anonymous_13)","decl":{"start":{"line":58,"column":11},"end":{"line":58,"column":12}},"loc":{"start":{"line":58,"column":18},"end":{"line":58,"column":132}},"line":58},"14":{"name":"(anonymous_14)","decl":{"start":{"line":61,"column":26},"end":{"line":61,"column":27}},"loc":{"start":{"line":61,"column":40},"end":{"line":67,"column":1}},"line":61},"15":{"name":"(anonymous_15)","decl":{"start":{"line":65,"column":10},"end":{"line":65,"column":11}},"loc":{"start":{"line":65,"column":25},"end":{"line":65,"column":57}},"line":65},"16":{"name":"(anonymous_16)","decl":{"start":{"line":66,"column":11},"end":{"line":66,"column":12}},"loc":{"start":{"line":66,"column":18},"end":{"line":66,"column":132}},"line":66},"17":{"name":"(anonymous_17)","decl":{"start":{"line":69,"column":27},"end":{"line":69,"column":28}},"loc":{"start":{"line":69,"column":41},"end":{"line":76,"column":1}},"line":69},"18":{"name":"(anonymous_18)","decl":{"start":{"line":74,"column":10},"end":{"line":74,"column":11}},"loc":{"start":{"line":74,"column":25},"end":{"line":74,"column":57}},"line":74},"19":{"name":"(anonymous_19)","decl":{"start":{"line":75,"column":11},"end":{"line":75,"column":12}},"loc":{"start":{"line":75,"column":18},"end":{"line":75,"column":90}},"line":75}},"branchMap":{"0":{"loc":{"start":{"line":6,"column":8},"end":{"line":10,"column":9}},"type":"if","locations":[{"start":{"line":6,"column":8},"end":{"line":10,"column":9}},{"start":{"line":6,"column":8},"end":{"line":10,"column":9}}],"line":6},"1":{"loc":{"start":{"line":11,"column":8},"end":{"line":20,"column":9}},"type":"if","locations":[{"start":{"line":11,"column":8},"end":{"line":20,"column":9}},{"start":{"line":11,"column":8},"end":{"line":20,"column":9}}],"line":11}},"s":{"0":2,"1":2,"2":0,"3":0,"4":0,"5":0,"6":0,"7":0,"8":0,"9":2,"10":0,"11":0,"12":0,"13":0,"14":0,"15":2,"16":0,"17":0,"18":0,"19":0,"20":2,"21":0,"22":0,"23":0,"24":0,"25":2,"26":0,"27":0,"28":0,"29":0,"30":2,"31":0,"32":0,"33":0,"34":0,"35":2,"36":0,"37":0,"38":0,"39":0,"40":0,"41":2},"f":{"0":0,"1":0,"2":0,"3":0,"4":0,"5":0,"6":0,"7":0,"8":0,"9":0,"10":0,"11":0,"12":0,"13":0,"14":0,"15":0,"16":0,"17":0,"18":0,"19":0},"b":{"0":[0,0],"1":[0,0]},"_coverageSchema":"1a1c01bbd47fc00a2c39e90264f33305004495a9","hash":"d4c8c2ef6344418059f29cfceebc8b430d2059b5"}
,"/Users/jackptoke/Coding/Mern/WeExplore/Backend/controllers/request_controllers.js": {"path":"/Users/jackptoke/Coding/Mern/WeExplore/Backend/controllers/request_controllers.js","statementMap":{"0":{"start":{"line":1,"column":13},"end":{"line":1,"column":38}},"1":{"start":{"line":2,"column":16},"end":{"line":2,"column":44}},"2":{"start":{"line":3,"column":17},"end":{"line":3,"column":36}},"3":{"start":{"line":4,"column":17},"end":{"line":4,"column":34}},"4":{"start":{"line":5,"column":17},"end":{"line":5,"column":38}},"5":{"start":{"line":6,"column":0},"end":{"line":6,"column":27}},"6":{"start":{"line":7,"column":13},"end":{"line":7,"column":37}},"7":{"start":{"line":9,"column":14},"end":{"line":51,"column":1}},"8":{"start":{"line":12,"column":36},"end":{"line":12,"column":44}},"9":{"start":{"line":14,"column":4},"end":{"line":49,"column":153}},"10":{"start":{"line":16,"column":20},"end":{"line":16,"column":30}},"11":{"start":{"line":17,"column":30},"end":{"line":17,"column":32}},"12":{"start":{"line":18,"column":8},"end":{"line":18,"column":33}},"13":{"start":{"line":19,"column":8},"end":{"line":47,"column":9}},"14":{"start":{"line":21,"column":12},"end":{"line":21,"column":134}},"15":{"start":{"line":24,"column":12},"end":{"line":24,"column":43}},"16":{"start":{"line":26,"column":12},"end":{"line":46,"column":15}},"17":{"start":{"line":27,"column":16},"end":{"line":27,"column":49}},"18":{"start":{"line":28,"column":16},"end":{"line":28,"column":34}},"19":{"start":{"line":30,"column":16},"end":{"line":45,"column":17}},"20":{"start":{"line":31,"column":20},"end":{"line":34,"column":23}},"21":{"start":{"line":39,"column":20},"end":{"line":39,"column":47}},"22":{"start":{"line":40,"column":20},"end":{"line":40,"column":79}},"23":{"start":{"line":42,"column":20},"end":{"line":44,"column":163}},"24":{"start":{"line":43,"column":32},"end":{"line":43,"column":145}},"25":{"start":{"line":44,"column":36},"end":{"line":44,"column":161}},"26":{"start":{"line":49,"column":18},"end":{"line":49,"column":152}},"27":{"start":{"line":50,"column":4},"end":{"line":50,"column":15}},"28":{"start":{"line":54,"column":24},"end":{"line":196,"column":1}},"29":{"start":{"line":55,"column":4},"end":{"line":55,"column":36}},"30":{"start":{"line":58,"column":24},"end":{"line":66,"column":6}},"31":{"start":{"line":68,"column":24},"end":{"line":191,"column":5}},"32":{"start":{"line":193,"column":18},"end":{"line":193,"column":23}},"33":{"start":{"line":194,"column":15},"end":{"line":194,"column":54}},"34":{"start":{"line":195,"column":4},"end":{"line":195,"column":22}},"35":{"start":{"line":198,"column":27},"end":{"line":239,"column":1}},"36":{"start":{"line":200,"column":20},"end":{"line":200,"column":28}},"37":{"start":{"line":201,"column":4},"end":{"line":237,"column":120}},"38":{"start":{"line":207,"column":8},"end":{"line":235,"column":9}},"39":{"start":{"line":208,"column":12},"end":{"line":208,"column":116}},"40":{"start":{"line":214,"column":30},"end":{"line":214,"column":36}},"41":{"start":{"line":217,"column":24},"end":{"line":217,"column":34}},"42":{"start":{"line":218,"column":31},"end":{"line":218,"column":52}},"43":{"start":{"line":220,"column":31},"end":{"line":220,"column":107}},"44":{"start":{"line":224,"column":12},"end":{"line":225,"column":44}},"45":{"start":{"line":225,"column":26},"end":{"line":225,"column":42}},"46":{"start":{"line":228,"column":12},"end":{"line":234,"column":15}},"47":{"start":{"line":231,"column":16},"end":{"line":231,"column":185}},"48":{"start":{"line":233,"column":27},"end":{"line":233,"column":44}},"49":{"start":{"line":237,"column":18},"end":{"line":237,"column":118}},"50":{"start":{"line":238,"column":4},"end":{"line":238,"column":15}},"51":{"start":{"line":241,"column":0},"end":{"line":241,"column":47}}},"fnMap":{"0":{"name":"(anonymous_0)","decl":{"start":{"line":9,"column":14},"end":{"line":9,"column":15}},"loc":{"start":{"line":9,"column":28},"end":{"line":51,"column":1}},"line":9},"1":{"name":"(anonymous_1)","decl":{"start":{"line":15,"column":10},"end":{"line":15,"column":11}},"loc":{"start":{"line":15,"column":21},"end":{"line":48,"column":5}},"line":15},"2":{"name":"(anonymous_2)","decl":{"start":{"line":26,"column":55},"end":{"line":26,"column":56}},"loc":{"start":{"line":26,"column":70},"end":{"line":46,"column":13}},"line":26},"3":{"name":"(anonymous_3)","decl":{"start":{"line":43,"column":26},"end":{"line":43,"column":27}},"loc":{"start":{"line":43,"column":32},"end":{"line":43,"column":145}},"line":43},"4":{"name":"(anonymous_4)","decl":{"start":{"line":44,"column":27},"end":{"line":44,"column":28}},"loc":{"start":{"line":44,"column":36},"end":{"line":44,"column":161}},"line":44},"5":{"name":"(anonymous_5)","decl":{"start":{"line":49,"column":11},"end":{"line":49,"column":12}},"loc":{"start":{"line":49,"column":18},"end":{"line":49,"column":152}},"line":49},"6":{"name":"(anonymous_6)","decl":{"start":{"line":54,"column":24},"end":{"line":54,"column":25}},"loc":{"start":{"line":54,"column":65},"end":{"line":196,"column":1}},"line":54},"7":{"name":"(anonymous_7)","decl":{"start":{"line":198,"column":27},"end":{"line":198,"column":28}},"loc":{"start":{"line":198,"column":41},"end":{"line":239,"column":1}},"line":198},"8":{"name":"(anonymous_8)","decl":{"start":{"line":202,"column":10},"end":{"line":202,"column":11}},"loc":{"start":{"line":202,"column":18},"end":{"line":236,"column":5}},"line":202},"9":{"name":"(anonymous_9)","decl":{"start":{"line":225,"column":19},"end":{"line":225,"column":20}},"loc":{"start":{"line":225,"column":26},"end":{"line":225,"column":42}},"line":225},"10":{"name":"(anonymous_10)","decl":{"start":{"line":229,"column":18},"end":{"line":229,"column":19}},"loc":{"start":{"line":229,"column":22},"end":{"line":232,"column":13}},"line":229},"11":{"name":"(anonymous_11)","decl":{"start":{"line":233,"column":19},"end":{"line":233,"column":20}},"loc":{"start":{"line":233,"column":26},"end":{"line":234,"column":13}},"line":233},"12":{"name":"(anonymous_12)","decl":{"start":{"line":237,"column":11},"end":{"line":237,"column":12}},"loc":{"start":{"line":237,"column":18},"end":{"line":237,"column":118}},"line":237}},"branchMap":{"0":{"loc":{"start":{"line":19,"column":8},"end":{"line":47,"column":9}},"type":"if","locations":[{"start":{"line":19,"column":8},"end":{"line":47,"column":9}},{"start":{"line":19,"column":8},"end":{"line":47,"column":9}}],"line":19},"1":{"loc":{"start":{"line":30,"column":16},"end":{"line":45,"column":17}},"type":"if","locations":[{"start":{"line":30,"column":16},"end":{"line":45,"column":17}},{"start":{"line":30,"column":16},"end":{"line":45,"column":17}}],"line":30},"2":{"loc":{"start":{"line":207,"column":8},"end":{"line":235,"column":9}},"type":"if","locations":[{"start":{"line":207,"column":8},"end":{"line":235,"column":9}},{"start":{"line":207,"column":8},"end":{"line":235,"column":9}}],"line":207}},"s":{"0":2,"1":2,"2":2,"3":2,"4":2,"5":2,"6":2,"7":2,"8":0,"9":0,"10":0,"11":0,"12":0,"13":0,"14":0,"15":0,"16":0,"17":0,"18":0,"19":0,"20":0,"21":0,"22":0,"23":0,"24":0,"25":0,"26":0,"27":0,"28":2,"29":0,"30":0,"31":0,"32":0,"33":0,"34":0,"35":2,"36":0,"37":0,"38":0,"39":0,"40":0,"41":0,"42":0,"43":0,"44":0,"45":0,"46":0,"47":0,"48":0,"49":0,"50":0,"51":2},"f":{"0":0,"1":0,"2":0,"3":0,"4":0,"5":0,"6":0,"7":0,"8":0,"9":0,"10":0,"11":0,"12":0},"b":{"0":[0,0],"1":[0,0],"2":[0,0]},"_coverageSchema":"1a1c01bbd47fc00a2c39e90264f33305004495a9","hash":"3daeeaf0c1bcc9dec480345ec48858a0c8717c91"}
,"/Users/jackptoke/Coding/Mern/WeExplore/Backend/controllers/user_controllers.js": {"path":"/Users/jackptoke/Coding/Mern/WeExplore/Backend/controllers/user_controllers.js","statementMap":{"0":{"start":{"line":1,"column":13},"end":{"line":1,"column":38}},"1":{"start":{"line":2,"column":17},"end":{"line":2,"column":36}},"2":{"start":{"line":3,"column":12},"end":{"line":3,"column":35}},"3":{"start":{"line":5,"column":14},"end":{"line":33,"column":1}},"4":{"start":{"line":6,"column":38},"end":{"line":6,"column":49}},"5":{"start":{"line":7,"column":4},"end":{"line":7,"column":41}},"6":{"start":{"line":8,"column":4},"end":{"line":30,"column":7}},"7":{"start":{"line":9,"column":6},"end":{"line":13,"column":7}},"8":{"start":{"line":10,"column":10},"end":{"line":12,"column":64}},"9":{"start":{"line":14,"column":6},"end":{"line":29,"column":7}},"10":{"start":{"line":15,"column":10},"end":{"line":18,"column":13}},"11":{"start":{"line":21,"column":11},"end":{"line":29,"column":7}},"12":{"start":{"line":22,"column":10},"end":{"line":22,"column":38}},"13":{"start":{"line":25,"column":10},"end":{"line":28,"column":12}},"14":{"start":{"line":32,"column":4},"end":{"line":32,"column":15}},"15":{"start":{"line":35,"column":19},"end":{"line":70,"column":1}},"16":{"start":{"line":36,"column":98},"end":{"line":36,"column":106}},"17":{"start":{"line":38,"column":20},"end":{"line":48,"column":6}},"18":{"start":{"line":50,"column":4},"end":{"line":68,"column":5}},"19":{"start":{"line":51,"column":8},"end":{"line":51,"column":24}},"20":{"start":{"line":52,"column":8},"end":{"line":52,"column":70}},"21":{"start":{"line":57,"column":8},"end":{"line":57,"column":38}},"22":{"start":{"line":59,"column":8},"end":{"line":67,"column":11}},"23":{"start":{"line":61,"column":12},"end":{"line":61,"column":28}},"24":{"start":{"line":62,"column":12},"end":{"line":62,"column":66}},"25":{"start":{"line":65,"column":12},"end":{"line":65,"column":28}},"26":{"start":{"line":66,"column":12},"end":{"line":66,"column":80}},"27":{"start":{"line":69,"column":4},"end":{"line":69,"column":15}},"28":{"start":{"line":72,"column":19},"end":{"line":97,"column":1}},"29":{"start":{"line":74,"column":23},"end":{"line":74,"column":33}},"30":{"start":{"line":75,"column":38},"end":{"line":75,"column":49}},"31":{"start":{"line":77,"column":4},"end":{"line":94,"column":7}},"32":{"start":{"line":78,"column":8},"end":{"line":93,"column":9}},"33":{"start":{"line":79,"column":12},"end":{"line":82,"column":15}},"34":{"start":{"line":84,"column":13},"end":{"line":93,"column":9}},"35":{"start":{"line":85,"column":12},"end":{"line":87,"column":53}},"36":{"start":{"line":86,"column":23},"end":{"line":86,"column":106}},"37":{"start":{"line":87,"column":26},"end":{"line":87,"column":51}},"38":{"start":{"line":90,"column":12},"end":{"line":92,"column":14}},"39":{"start":{"line":96,"column":4},"end":{"line":96,"column":15}},"40":{"start":{"line":99,"column":27},"end":{"line":127,"column":1}},"41":{"start":{"line":102,"column":23},"end":{"line":102,"column":33}},"42":{"start":{"line":103,"column":38},"end":{"line":103,"column":49}},"43":{"start":{"line":105,"column":4},"end":{"line":124,"column":7}},"44":{"start":{"line":106,"column":8},"end":{"line":123,"column":9}},"45":{"start":{"line":107,"column":12},"end":{"line":107,"column":28}},"46":{"start":{"line":108,"column":12},"end":{"line":111,"column":15}},"47":{"start":{"line":114,"column":13},"end":{"line":123,"column":9}},"48":{"start":{"line":115,"column":12},"end":{"line":115,"column":28}},"49":{"start":{"line":116,"column":12},"end":{"line":116,"column":27}},"50":{"start":{"line":119,"column":12},"end":{"line":119,"column":28}},"51":{"start":{"line":120,"column":12},"end":{"line":122,"column":14}},"52":{"start":{"line":126,"column":4},"end":{"line":126,"column":15}},"53":{"start":{"line":129,"column":14},"end":{"line":165,"column":1}},"54":{"start":{"line":130,"column":31},"end":{"line":130,"column":39}},"55":{"start":{"line":133,"column":2},"end":{"line":163,"column":4}},"56":{"start":{"line":134,"column":4},"end":{"line":162,"column":5}},"57":{"start":{"line":135,"column":6},"end":{"line":135,"column":22}},"58":{"start":{"line":136,"column":6},"end":{"line":139,"column":9}},"59":{"start":{"line":142,"column":6},"end":{"line":161,"column":7}},"60":{"start":{"line":143,"column":20},"end":{"line":145,"column":29}},"61":{"start":{"line":147,"column":8},"end":{"line":147,"column":24}},"62":{"start":{"line":148,"column":8},"end":{"line":153,"column":11}},"63":{"start":{"line":156,"column":8},"end":{"line":156,"column":24}},"64":{"start":{"line":157,"column":8},"end":{"line":160,"column":10}},"65":{"start":{"line":164,"column":2},"end":{"line":164,"column":12}},"66":{"start":{"line":167,"column":18},"end":{"line":205,"column":1}},"67":{"start":{"line":170,"column":23},"end":{"line":170,"column":33}},"68":{"start":{"line":171,"column":38},"end":{"line":171,"column":49}},"69":{"start":{"line":173,"column":4},"end":{"line":202,"column":7}},"70":{"start":{"line":174,"column":8},"end":{"line":201,"column":9}},"71":{"start":{"line":175,"column":12},"end":{"line":175,"column":28}},"72":{"start":{"line":176,"column":12},"end":{"line":179,"column":15}},"73":{"start":{"line":183,"column":13},"end":{"line":201,"column":9}},"74":{"start":{"line":184,"column":12},"end":{"line":184,"column":35}},"75":{"start":{"line":185,"column":12},"end":{"line":194,"column":15}},"76":{"start":{"line":187,"column":16},"end":{"line":187,"column":31}},"77":{"start":{"line":188,"column":16},"end":{"line":188,"column":118}},"78":{"start":{"line":191,"column":16},"end":{"line":191,"column":32}},"79":{"start":{"line":192,"column":16},"end":{"line":193,"column":18}},"80":{"start":{"line":197,"column":12},"end":{"line":197,"column":28}},"81":{"start":{"line":198,"column":12},"end":{"line":200,"column":15}},"82":{"start":{"line":204,"column":4},"end":{"line":204,"column":15}},"83":{"start":{"line":207,"column":20},"end":{"line":237,"column":1}},"84":{"start":{"line":210,"column":23},"end":{"line":210,"column":33}},"85":{"start":{"line":212,"column":38},"end":{"line":212,"column":49}},"86":{"start":{"line":214,"column":4},"end":{"line":234,"column":7}},"87":{"start":{"line":215,"column":8},"end":{"line":233,"column":9}},"88":{"start":{"line":216,"column":12},"end":{"line":219,"column":15}},"89":{"start":{"line":223,"column":13},"end":{"line":233,"column":9}},"90":{"start":{"line":224,"column":12},"end":{"line":224,"column":36}},"91":{"start":{"line":225,"column":12},"end":{"line":227,"column":142}},"92":{"start":{"line":226,"column":24},"end":{"line":226,"column":140}},"93":{"start":{"line":227,"column":28},"end":{"line":227,"column":141}},"94":{"start":{"line":230,"column":12},"end":{"line":232,"column":14}},"95":{"start":{"line":236,"column":4},"end":{"line":236,"column":15}},"96":{"start":{"line":239,"column":19},"end":{"line":269,"column":1}},"97":{"start":{"line":244,"column":32},"end":{"line":244,"column":40}},"98":{"start":{"line":245,"column":4},"end":{"line":266,"column":7}},"99":{"start":{"line":246,"column":8},"end":{"line":265,"column":9}},"100":{"start":{"line":247,"column":12},"end":{"line":250,"column":15}},"101":{"start":{"line":254,"column":13},"end":{"line":265,"column":9}},"102":{"start":{"line":256,"column":12},"end":{"line":256,"column":35}},"103":{"start":{"line":257,"column":12},"end":{"line":259,"column":134}},"104":{"start":{"line":258,"column":24},"end":{"line":258,"column":129}},"105":{"start":{"line":259,"column":28},"end":{"line":259,"column":133}},"106":{"start":{"line":262,"column":12},"end":{"line":264,"column":14}},"107":{"start":{"line":268,"column":4},"end":{"line":268,"column":15}},"108":{"start":{"line":271,"column":15},"end":{"line":294,"column":1}},"109":{"start":{"line":272,"column":100},"end":{"line":272,"column":108}},"110":{"start":{"line":273,"column":38},"end":{"line":273,"column":49}},"111":{"start":{"line":276,"column":4},"end":{"line":292,"column":5}},"112":{"start":{"line":277,"column":8},"end":{"line":277,"column":125}},"113":{"start":{"line":280,"column":8},"end":{"line":291,"column":49}},"114":{"start":{"line":282,"column":12},"end":{"line":284,"column":13}},"115":{"start":{"line":283,"column":16},"end":{"line":283,"column":41}},"116":{"start":{"line":286,"column":12},"end":{"line":289,"column":93}},"117":{"start":{"line":287,"column":16},"end":{"line":287,"column":45}},"118":{"start":{"line":289,"column":16},"end":{"line":289,"column":93}},"119":{"start":{"line":291,"column":22},"end":{"line":291,"column":47}},"120":{"start":{"line":293,"column":4},"end":{"line":293,"column":15}},"121":{"start":{"line":296,"column":23},"end":{"line":323,"column":1}},"122":{"start":{"line":297,"column":33},"end":{"line":297,"column":41}},"123":{"start":{"line":298,"column":38},"end":{"line":298,"column":49}},"124":{"start":{"line":300,"column":4},"end":{"line":320,"column":7}},"125":{"start":{"line":301,"column":8},"end":{"line":319,"column":9}},"126":{"start":{"line":302,"column":12},"end":{"line":305,"column":15}},"127":{"start":{"line":309,"column":13},"end":{"line":319,"column":9}},"128":{"start":{"line":310,"column":12},"end":{"line":310,"column":39}},"129":{"start":{"line":311,"column":12},"end":{"line":313,"column":134}},"130":{"start":{"line":312,"column":24},"end":{"line":312,"column":132}},"131":{"start":{"line":313,"column":28},"end":{"line":313,"column":133}},"132":{"start":{"line":316,"column":12},"end":{"line":318,"column":14}},"133":{"start":{"line":322,"column":4},"end":{"line":322,"column":15}},"134":{"start":{"line":325,"column":22},"end":{"line":338,"column":1}},"135":{"start":{"line":326,"column":23},"end":{"line":326,"column":31}},"136":{"start":{"line":327,"column":4},"end":{"line":336,"column":7}},"137":{"start":{"line":328,"column":8},"end":{"line":330,"column":9}},"138":{"start":{"line":329,"column":12},"end":{"line":329,"column":145}},"139":{"start":{"line":331,"column":8},"end":{"line":335,"column":9}},"140":{"start":{"line":332,"column":12},"end":{"line":332,"column":112}},"141":{"start":{"line":334,"column":12},"end":{"line":334,"column":130}},"142":{"start":{"line":337,"column":4},"end":{"line":337,"column":15}},"143":{"start":{"line":340,"column":0},"end":{"line":340,"column":152}}},"fnMap":{"0":{"name":"(anonymous_0)","decl":{"start":{"line":5,"column":14},"end":{"line":5,"column":15}},"loc":{"start":{"line":5,"column":28},"end":{"line":33,"column":1}},"line":5},"1":{"name":"(anonymous_1)","decl":{"start":{"line":8,"column":103},"end":{"line":8,"column":104}},"loc":{"start":{"line":8,"column":119},"end":{"line":30,"column":5}},"line":8},"2":{"name":"(anonymous_2)","decl":{"start":{"line":35,"column":19},"end":{"line":35,"column":20}},"loc":{"start":{"line":35,"column":33},"end":{"line":70,"column":1}},"line":35},"3":{"name":"(anonymous_3)","decl":{"start":{"line":60,"column":14},"end":{"line":60,"column":15}},"loc":{"start":{"line":60,"column":18},"end":{"line":63,"column":9}},"line":60},"4":{"name":"(anonymous_4)","decl":{"start":{"line":64,"column":15},"end":{"line":64,"column":16}},"loc":{"start":{"line":64,"column":21},"end":{"line":67,"column":9}},"line":64},"5":{"name":"(anonymous_5)","decl":{"start":{"line":72,"column":19},"end":{"line":72,"column":20}},"loc":{"start":{"line":72,"column":32},"end":{"line":97,"column":1}},"line":72},"6":{"name":"(anonymous_6)","decl":{"start":{"line":77,"column":39},"end":{"line":77,"column":40}},"loc":{"start":{"line":77,"column":54},"end":{"line":94,"column":5}},"line":77},"7":{"name":"(anonymous_7)","decl":{"start":{"line":86,"column":18},"end":{"line":86,"column":19}},"loc":{"start":{"line":86,"column":23},"end":{"line":86,"column":106}},"line":86},"8":{"name":"(anonymous_8)","decl":{"start":{"line":87,"column":19},"end":{"line":87,"column":20}},"loc":{"start":{"line":87,"column":26},"end":{"line":87,"column":51}},"line":87},"9":{"name":"(anonymous_9)","decl":{"start":{"line":99,"column":27},"end":{"line":99,"column":28}},"loc":{"start":{"line":99,"column":40},"end":{"line":127,"column":1}},"line":99},"10":{"name":"(anonymous_10)","decl":{"start":{"line":105,"column":124},"end":{"line":105,"column":125}},"loc":{"start":{"line":105,"column":139},"end":{"line":124,"column":5}},"line":105},"11":{"name":"(anonymous_11)","decl":{"start":{"line":129,"column":14},"end":{"line":129,"column":15}},"loc":{"start":{"line":129,"column":28},"end":{"line":165,"column":1}},"line":129},"12":{"name":"(anonymous_12)","decl":{"start":{"line":133,"column":39},"end":{"line":133,"column":40}},"loc":{"start":{"line":133,"column":59},"end":{"line":163,"column":3}},"line":133},"13":{"name":"(anonymous_13)","decl":{"start":{"line":167,"column":18},"end":{"line":167,"column":19}},"loc":{"start":{"line":167,"column":32},"end":{"line":205,"column":1}},"line":167},"14":{"name":"(anonymous_14)","decl":{"start":{"line":173,"column":39},"end":{"line":173,"column":40}},"loc":{"start":{"line":173,"column":54},"end":{"line":202,"column":5}},"line":173},"15":{"name":"(anonymous_15)","decl":{"start":{"line":186,"column":18},"end":{"line":186,"column":19}},"loc":{"start":{"line":186,"column":24},"end":{"line":189,"column":13}},"line":186},"16":{"name":"(anonymous_16)","decl":{"start":{"line":190,"column":19},"end":{"line":190,"column":20}},"loc":{"start":{"line":190,"column":28},"end":{"line":194,"column":13}},"line":190},"17":{"name":"(anonymous_17)","decl":{"start":{"line":207,"column":20},"end":{"line":207,"column":21}},"loc":{"start":{"line":207,"column":34},"end":{"line":237,"column":1}},"line":207},"18":{"name":"(anonymous_18)","decl":{"start":{"line":214,"column":39},"end":{"line":214,"column":40}},"loc":{"start":{"line":214,"column":54},"end":{"line":234,"column":5}},"line":214},"19":{"name":"(anonymous_19)","decl":{"start":{"line":226,"column":18},"end":{"line":226,"column":19}},"loc":{"start":{"line":226,"column":24},"end":{"line":226,"column":140}},"line":226},"20":{"name":"(anonymous_20)","decl":{"start":{"line":227,"column":19},"end":{"line":227,"column":20}},"loc":{"start":{"line":227,"column":28},"end":{"line":227,"column":141}},"line":227},"21":{"name":"(anonymous_21)","decl":{"start":{"line":239,"column":19},"end":{"line":239,"column":20}},"loc":{"start":{"line":239,"column":33},"end":{"line":269,"column":1}},"line":239},"22":{"name":"(anonymous_22)","decl":{"start":{"line":245,"column":39},"end":{"line":245,"column":40}},"loc":{"start":{"line":245,"column":54},"end":{"line":266,"column":5}},"line":245},"23":{"name":"(anonymous_23)","decl":{"start":{"line":258,"column":18},"end":{"line":258,"column":19}},"loc":{"start":{"line":258,"column":24},"end":{"line":258,"column":129}},"line":258},"24":{"name":"(anonymous_24)","decl":{"start":{"line":259,"column":19},"end":{"line":259,"column":20}},"loc":{"start":{"line":259,"column":28},"end":{"line":259,"column":133}},"line":259},"25":{"name":"(anonymous_25)","decl":{"start":{"line":271,"column":15},"end":{"line":271,"column":16}},"loc":{"start":{"line":271,"column":29},"end":{"line":294,"column":1}},"line":271},"26":{"name":"(anonymous_26)","decl":{"start":{"line":281,"column":12},"end":{"line":281,"column":13}},"loc":{"start":{"line":281,"column":28},"end":{"line":290,"column":9}},"line":281},"27":{"name":"(anonymous_27)","decl":{"start":{"line":291,"column":15},"end":{"line":291,"column":16}},"loc":{"start":{"line":291,"column":22},"end":{"line":291,"column":47}},"line":291},"28":{"name":"(anonymous_28)","decl":{"start":{"line":296,"column":23},"end":{"line":296,"column":24}},"loc":{"start":{"line":296,"column":37},"end":{"line":323,"column":1}},"line":296},"29":{"name":"(anonymous_29)","decl":{"start":{"line":300,"column":39},"end":{"line":300,"column":40}},"loc":{"start":{"line":300,"column":54},"end":{"line":320,"column":5}},"line":300},"30":{"name":"(anonymous_30)","decl":{"start":{"line":312,"column":18},"end":{"line":312,"column":19}},"loc":{"start":{"line":312,"column":24},"end":{"line":312,"column":132}},"line":312},"31":{"name":"(anonymous_31)","decl":{"start":{"line":313,"column":19},"end":{"line":313,"column":20}},"loc":{"start":{"line":313,"column":28},"end":{"line":313,"column":133}},"line":313},"32":{"name":"(anonymous_32)","decl":{"start":{"line":325,"column":22},"end":{"line":325,"column":23}},"loc":{"start":{"line":325,"column":36},"end":{"line":338,"column":1}},"line":325},"33":{"name":"(anonymous_33)","decl":{"start":{"line":327,"column":39},"end":{"line":327,"column":40}},"loc":{"start":{"line":327,"column":55},"end":{"line":336,"column":5}},"line":327}},"branchMap":{"0":{"loc":{"start":{"line":9,"column":6},"end":{"line":13,"column":7}},"type":"if","locations":[{"start":{"line":9,"column":6},"end":{"line":13,"column":7}},{"start":{"line":9,"column":6},"end":{"line":13,"column":7}}],"line":9},"1":{"loc":{"start":{"line":14,"column":6},"end":{"line":29,"column":7}},"type":"if","locations":[{"start":{"line":14,"column":6},"end":{"line":29,"column":7}},{"start":{"line":14,"column":6},"end":{"line":29,"column":7}}],"line":14},"2":{"loc":{"start":{"line":21,"column":11},"end":{"line":29,"column":7}},"type":"if","locations":[{"start":{"line":21,"column":11},"end":{"line":29,"column":7}},{"start":{"line":21,"column":11},"end":{"line":29,"column":7}}],"line":21},"3":{"loc":{"start":{"line":50,"column":4},"end":{"line":68,"column":5}},"type":"if","locations":[{"start":{"line":50,"column":4},"end":{"line":68,"column":5}},{"start":{"line":50,"column":4},"end":{"line":68,"column":5}}],"line":50},"4":{"loc":{"start":{"line":78,"column":8},"end":{"line":93,"column":9}},"type":"if","locations":[{"start":{"line":78,"column":8},"end":{"line":93,"column":9}},{"start":{"line":78,"column":8},"end":{"line":93,"column":9}}],"line":78},"5":{"loc":{"start":{"line":84,"column":13},"end":{"line":93,"column":9}},"type":"if","locations":[{"start":{"line":84,"column":13},"end":{"line":93,"column":9}},{"start":{"line":84,"column":13},"end":{"line":93,"column":9}}],"line":84},"6":{"loc":{"start":{"line":84,"column":16},"end":{"line":84,"column":54}},"type":"binary-expr","locations":[{"start":{"line":84,"column":16},"end":{"line":84,"column":23}},{"start":{"line":84,"column":27},"end":{"line":84,"column":54}}],"line":84},"7":{"loc":{"start":{"line":106,"column":8},"end":{"line":123,"column":9}},"type":"if","locations":[{"start":{"line":106,"column":8},"end":{"line":123,"column":9}},{"start":{"line":106,"column":8},"end":{"line":123,"column":9}}],"line":106},"8":{"loc":{"start":{"line":114,"column":13},"end":{"line":123,"column":9}},"type":"if","locations":[{"start":{"line":114,"column":13},"end":{"line":123,"column":9}},{"start":{"line":114,"column":13},"end":{"line":123,"column":9}}],"line":114},"9":{"loc":{"start":{"line":114,"column":16},"end":{"line":114,"column":54}},"type":"binary-expr","locations":[{"start":{"line":114,"column":16},"end":{"line":114,"column":23}},{"start":{"line":114,"column":27},"end":{"line":114,"column":54}}],"line":114},"10":{"loc":{"start":{"line":134,"column":4},"end":{"line":162,"column":5}},"type":"if","locations":[{"start":{"line":134,"column":4},"end":{"line":162,"column":5}},{"start":{"line":134,"column":4},"end":{"line":162,"column":5}}],"line":134},"11":{"loc":{"start":{"line":134,"column":8},"end":{"line":134,"column":43}},"type":"binary-expr","locations":[{"start":{"line":134,"column":8},"end":{"line":134,"column":21}},{"start":{"line":134,"column":25},"end":{"line":134,"column":43}}],"line":134},"12":{"loc":{"start":{"line":142,"column":6},"end":{"line":161,"column":7}},"type":"if","locations":[{"start":{"line":142,"column":6},"end":{"line":161,"column":7}},{"start":{"line":142,"column":6},"end":{"line":161,"column":7}}],"line":142},"13":{"loc":{"start":{"line":174,"column":8},"end":{"line":201,"column":9}},"type":"if","locations":[{"start":{"line":174,"column":8},"end":{"line":201,"column":9}},{"start":{"line":174,"column":8},"end":{"line":201,"column":9}}],"line":174},"14":{"loc":{"start":{"line":183,"column":13},"end":{"line":201,"column":9}},"type":"if","locations":[{"start":{"line":183,"column":13},"end":{"line":201,"column":9}},{"start":{"line":183,"column":13},"end":{"line":201,"column":9}}],"line":183},"15":{"loc":{"start":{"line":183,"column":16},"end":{"line":183,"column":54}},"type":"binary-expr","locations":[{"start":{"line":183,"column":16},"end":{"line":183,"column":23}},{"start":{"line":183,"column":27},"end":{"line":183,"column":54}}],"line":183},"16":{"loc":{"start":{"line":215,"column":8},"end":{"line":233,"column":9}},"type":"if","locations":[{"start":{"line":215,"column":8},"end":{"line":233,"column":9}},{"start":{"line":215,"column":8},"end":{"line":233,"column":9}}],"line":215},"17":{"loc":{"start":{"line":223,"column":13},"end":{"line":233,"column":9}},"type":"if","locations":[{"start":{"line":223,"column":13},"end":{"line":233,"column":9}},{"start":{"line":223,"column":13},"end":{"line":233,"column":9}}],"line":223},"18":{"loc":{"start":{"line":223,"column":16},"end":{"line":223,"column":54}},"type":"binary-expr","locations":[{"start":{"line":223,"column":16},"end":{"line":223,"column":23}},{"start":{"line":223,"column":27},"end":{"line":223,"column":54}}],"line":223},"19":{"loc":{"start":{"line":246,"column":8},"end":{"line":265,"column":9}},"type":"if","locations":[{"start":{"line":246,"column":8},"end":{"line":265,"column":9}},{"start":{"line":246,"column":8},"end":{"line":265,"column":9}}],"line":246},"20":{"loc":{"start":{"line":254,"column":13},"end":{"line":265,"column":9}},"type":"if","locations":[{"start":{"line":254,"column":13},"end":{"line":265,"column":9}},{"start":{"line":254,"column":13},"end":{"line":265,"column":9}}],"line":254},"21":{"loc":{"start":{"line":276,"column":4},"end":{"line":292,"column":5}},"type":"if","locations":[{"start":{"line":276,"column":4},"end":{"line":292,"column":5}},{"start":{"line":276,"column":4},"end":{"line":292,"column":5}}],"line":276},"22":{"loc":{"start":{"line":276,"column":9},"end":{"line":276,"column":43}},"type":"binary-expr","locations":[{"start":{"line":276,"column":9},"end":{"line":276,"column":16}},{"start":{"line":276,"column":20},"end":{"line":276,"column":43}}],"line":276},"23":{"loc":{"start":{"line":282,"column":12},"end":{"line":284,"column":13}},"type":"if","locations":[{"start":{"line":282,"column":12},"end":{"line":284,"column":13}},{"start":{"line":282,"column":12},"end":{"line":284,"column":13}}],"line":282},"24":{"loc":{"start":{"line":286,"column":12},"end":{"line":289,"column":93}},"type":"if","locations":[{"start":{"line":286,"column":12},"end":{"line":289,"column":93}},{"start":{"line":286,"column":12},"end":{"line":289,"column":93}}],"line":286},"25":{"loc":{"start":{"line":301,"column":8},"end":{"line":319,"column":9}},"type":"if","locations":[{"start":{"line":301,"column":8},"end":{"line":319,"column":9}},{"start":{"line":301,"column":8},"end":{"line":319,"column":9}}],"line":301},"26":{"loc":{"start":{"line":309,"column":13},"end":{"line":319,"column":9}},"type":"if","locations":[{"start":{"line":309,"column":13},"end":{"line":319,"column":9}},{"start":{"line":309,"column":13},"end":{"line":319,"column":9}}],"line":309},"27":{"loc":{"start":{"line":309,"column":16},"end":{"line":309,"column":54}},"type":"binary-expr","locations":[{"start":{"line":309,"column":16},"end":{"line":309,"column":23}},{"start":{"line":309,"column":27},"end":{"line":309,"column":54}}],"line":309},"28":{"loc":{"start":{"line":328,"column":8},"end":{"line":330,"column":9}},"type":"if","locations":[{"start":{"line":328,"column":8},"end":{"line":330,"column":9}},{"start":{"line":328,"column":8},"end":{"line":330,"column":9}}],"line":328},"29":{"loc":{"start":{"line":331,"column":8},"end":{"line":335,"column":9}},"type":"if","locations":[{"start":{"line":331,"column":8},"end":{"line":335,"column":9}},{"start":{"line":331,"column":8},"end":{"line":335,"column":9}}],"line":331}},"s":{"0":2,"1":2,"2":2,"3":2,"4":1,"5":1,"6":1,"7":1,"8":0,"9":1,"10":0,"11":1,"12":1,"13":0,"14":1,"15":2,"16":4,"17":4,"18":4,"19":1,"20":1,"21":3,"22":3,"23":2,"24":2,"25":1,"26":1,"27":4,"28":2,"29":1,"30":1,"31":1,"32":1,"33":0,"34":1,"35":1,"36":1,"37":0,"38":0,"39":1,"40":2,"41":1,"42":1,"43":1,"44":1,"45":0,"46":0,"47":1,"48":1,"49":1,"50":0,"51":0,"52":1,"53":2,"54":2,"55":2,"56":2,"57":0,"58":0,"59":2,"60":2,"61":2,"62":2,"63":0,"64":0,"65":2,"66":2,"67":0,"68":0,"69":0,"70":0,"71":0,"72":0,"73":0,"74":0,"75":0,"76":0,"77":0,"78":0,"79":0,"80":0,"81":0,"82":0,"83":2,"84":0,"85":0,"86":0,"87":0,"88":0,"89":0,"90":0,"91":0,"92":0,"93":0,"94":0,"95":0,"96":2,"97":0,"98":0,"99":0,"100":0,"101":0,"102":0,"103":0,"104":0,"105":0,"106":0,"107":0,"108":2,"109":1,"110":1,"111":1,"112":0,"113":1,"114":1,"115":0,"116":1,"117":1,"118":0,"119":0,"120":1,"121":2,"122":0,"123":0,"124":0,"125":0,"126":0,"127":0,"128":0,"129":0,"130":0,"131":0,"132":0,"133":0,"134":2,"135":0,"136":0,"137":0,"138":0,"139":0,"140":0,"141":0,"142":0,"143":2},"f":{"0":1,"1":1,"2":4,"3":2,"4":1,"5":1,"6":1,"7":1,"8":0,"9":1,"10":1,"11":2,"12":2,"13":0,"14":0,"15":0,"16":0,"17":0,"18":0,"19":0,"20":0,"21":0,"22":0,"23":0,"24":0,"25":1,"26":1,"27":0,"28":0,"29":0,"30":0,"31":0,"32":0,"33":0},"b":{"0":[0,1],"1":[0,1],"2":[1,0],"3":[1,3],"4":[0,1],"5":[1,0],"6":[1,0],"7":[0,1],"8":[1,0],"9":[1,0],"10":[0,2],"11":[2,2],"12":[2,0],"13":[0,0],"14":[0,0],"15":[0,0],"16":[0,0],"17":[0,0],"18":[0,0],"19":[0,0],"20":[0,0],"21":[0,1],"22":[1,0],"23":[0,1],"24":[1,0],"25":[0,0],"26":[0,0],"27":[0,0],"28":[0,0],"29":[0,0]},"_coverageSchema":"1a1c01bbd47fc00a2c39e90264f33305004495a9","hash":"36a8bc439502dccef6196e12dbfb8a209a804386"}
,"/Users/jackptoke/Coding/Mern/WeExplore/Backend/models/event.js": {"path":"/Users/jackptoke/Coding/Mern/WeExplore/Backend/models/event.js","statementMap":{"0":{"start":{"line":1,"column":17},"end":{"line":1,"column":36}},"1":{"start":{"line":2,"column":15},"end":{"line":2,"column":30}},"2":{"start":{"line":3,"column":0},"end":{"line":3,"column":27}},"3":{"start":{"line":5,"column":18},"end":{"line":7,"column":1}},"4":{"start":{"line":9,"column":24},"end":{"line":9,"column":63}},"5":{"start":{"line":10,"column":23},"end":{"line":10,"column":147}},"6":{"start":{"line":12,"column":20},"end":{"line":90,"column":2}},"7":{"start":{"line":92,"column":23},"end":{"line":92,"column":59}},"8":{"start":{"line":94,"column":0},"end":{"line":94,"column":32}}},"fnMap":{},"branchMap":{},"s":{"0":2,"1":2,"2":2,"3":2,"4":2,"5":2,"6":2,"7":2,"8":2},"f":{},"b":{},"_coverageSchema":"1a1c01bbd47fc00a2c39e90264f33305004495a9","hash":"0532c0ae7af44571dea76f2f293cb23efac2af7a"}
,"/Users/jackptoke/Coding/Mern/WeExplore/Backend/models/presenter.js": {"path":"/Users/jackptoke/Coding/Mern/WeExplore/Backend/models/presenter.js","statementMap":{"0":{"start":{"line":1,"column":17},"end":{"line":1,"column":36}},"1":{"start":{"line":3,"column":15},"end":{"line":3,"column":30}},"2":{"start":{"line":6,"column":0},"end":{"line":6,"column":27}},"3":{"start":{"line":8,"column":24},"end":{"line":53,"column":2}},"4":{"start":{"line":55,"column":18},"end":{"line":55,"column":62}},"5":{"start":{"line":57,"column":0},"end":{"line":57,"column":27}}},"fnMap":{},"branchMap":{},"s":{"0":2,"1":2,"2":2,"3":2,"4":2,"5":2},"f":{},"b":{},"_coverageSchema":"1a1c01bbd47fc00a2c39e90264f33305004495a9","hash":"850f34e6f6912eebde43b87d8cece8f64cc3f8e9"}
,"/Users/jackptoke/Coding/Mern/WeExplore/Backend/models/request.js": {"path":"/Users/jackptoke/Coding/Mern/WeExplore/Backend/models/request.js","statementMap":{"0":{"start":{"line":1,"column":17},"end":{"line":1,"column":36}},"1":{"start":{"line":2,"column":15},"end":{"line":2,"column":30}},"2":{"start":{"line":3,"column":0},"end":{"line":3,"column":27}},"3":{"start":{"line":5,"column":22},"end":{"line":28,"column":2}},"4":{"start":{"line":11,"column":12},"end":{"line":11,"column":71}},"5":{"start":{"line":13,"column":26},"end":{"line":13,"column":72}},"6":{"start":{"line":30,"column":16},"end":{"line":30,"column":56}},"7":{"start":{"line":32,"column":0},"end":{"line":32,"column":25}}},"fnMap":{"0":{"name":"(anonymous_0)","decl":{"start":{"line":10,"column":19},"end":{"line":10,"column":20}},"loc":{"start":{"line":10,"column":31},"end":{"line":12,"column":9}},"line":10},"1":{"name":"(anonymous_1)","decl":{"start":{"line":13,"column":17},"end":{"line":13,"column":18}},"loc":{"start":{"line":13,"column":26},"end":{"line":13,"column":72}},"line":13}},"branchMap":{},"s":{"0":2,"1":2,"2":2,"3":2,"4":0,"5":0,"6":2,"7":2},"f":{"0":0,"1":0},"b":{},"_coverageSchema":"1a1c01bbd47fc00a2c39e90264f33305004495a9","hash":"fed898677f9be87c6ebec08d8f0e052125bd0052"}
,"/Users/jackptoke/Coding/Mern/WeExplore/Backend/models/user.js": {"path":"/Users/jackptoke/Coding/Mern/WeExplore/Backend/models/user.js","statementMap":{"0":{"start":{"line":1,"column":17},"end":{"line":1,"column":36}},"1":{"start":{"line":2,"column":15},"end":{"line":2,"column":30}},"2":{"start":{"line":3,"column":15},"end":{"line":3,"column":32}},"3":{"start":{"line":4,"column":0},"end":{"line":4,"column":27}},"4":{"start":{"line":6,"column":19},"end":{"line":69,"column":2}},"5":{"start":{"line":13,"column":8},"end":{"line":13,"column":67}},"6":{"start":{"line":15,"column":24},"end":{"line":15,"column":70}},"7":{"start":{"line":71,"column":0},"end":{"line":73,"column":1}},"8":{"start":{"line":72,"column":2},"end":{"line":72,"column":105}},"9":{"start":{"line":75,"column":0},"end":{"line":78,"column":1}},"10":{"start":{"line":76,"column":20},"end":{"line":76,"column":106}},"11":{"start":{"line":77,"column":2},"end":{"line":77,"column":37}},"12":{"start":{"line":80,"column":13},"end":{"line":80,"column":47}},"13":{"start":{"line":82,"column":0},"end":{"line":82,"column":22}}},"fnMap":{"0":{"name":"(anonymous_0)","decl":{"start":{"line":12,"column":17},"end":{"line":12,"column":18}},"loc":{"start":{"line":12,"column":29},"end":{"line":14,"column":7}},"line":12},"1":{"name":"(anonymous_1)","decl":{"start":{"line":15,"column":15},"end":{"line":15,"column":16}},"loc":{"start":{"line":15,"column":24},"end":{"line":15,"column":70}},"line":15},"2":{"name":"(anonymous_2)","decl":{"start":{"line":71,"column":33},"end":{"line":71,"column":34}},"loc":{"start":{"line":71,"column":52},"end":{"line":73,"column":1}},"line":71},"3":{"name":"(anonymous_3)","decl":{"start":{"line":75,"column":35},"end":{"line":75,"column":36}},"loc":{"start":{"line":75,"column":54},"end":{"line":78,"column":1}},"line":75}},"branchMap":{},"s":{"0":2,"1":2,"2":2,"3":2,"4":2,"5":3,"6":0,"7":2,"8":3,"9":2,"10":2,"11":2,"12":2,"13":2},"f":{"0":3,"1":0,"2":3,"3":2},"b":{},"_coverageSchema":"1a1c01bbd47fc00a2c39e90264f33305004495a9","hash":"754b3e54f4aff9566f8d04a10be81111465cc5ad"}
,"/Users/jackptoke/Coding/Mern/WeExplore/Backend/routes/email_routes.js": {"path":"/Users/jackptoke/Coding/Mern/WeExplore/Backend/routes/email_routes.js","statementMap":{"0":{"start":{"line":1,"column":16},"end":{"line":1,"column":34}},"1":{"start":{"line":2,"column":15},"end":{"line":2,"column":31}},"2":{"start":{"line":3,"column":22},"end":{"line":3,"column":65}},"3":{"start":{"line":6,"column":0},"end":{"line":6,"column":28}},"4":{"start":{"line":8,"column":0},"end":{"line":8,"column":23}}},"fnMap":{},"branchMap":{},"s":{"0":2,"1":2,"2":2,"3":2,"4":2},"f":{},"b":{},"_coverageSchema":"1a1c01bbd47fc00a2c39e90264f33305004495a9","hash":"b84d54831288d893aad60d653f2eb2915046798f"}
,"/Users/jackptoke/Coding/Mern/WeExplore/Backend/routes/event_routes.js": {"path":"/Users/jackptoke/Coding/Mern/WeExplore/Backend/routes/event_routes.js","statementMap":{"0":{"start":{"line":1,"column":16},"end":{"line":1,"column":34}},"1":{"start":{"line":2,"column":15},"end":{"line":2,"column":31}},"2":{"start":{"line":3,"column":19},"end":{"line":3,"column":48}},"3":{"start":{"line":5,"column":225},"end":{"line":5,"column":268}},"4":{"start":{"line":8,"column":0},"end":{"line":8,"column":23}},"5":{"start":{"line":9,"column":0},"end":{"line":9,"column":46}},"6":{"start":{"line":10,"column":0},"end":{"line":10,"column":37}},"7":{"start":{"line":11,"column":0},"end":{"line":11,"column":76}},"8":{"start":{"line":12,"column":0},"end":{"line":12,"column":53}},"9":{"start":{"line":13,"column":0},"end":{"line":13,"column":64}},"10":{"start":{"line":14,"column":0},"end":{"line":14,"column":60}},"11":{"start":{"line":15,"column":0},"end":{"line":15,"column":68}},"12":{"start":{"line":16,"column":0},"end":{"line":16,"column":66}},"13":{"start":{"line":17,"column":0},"end":{"line":17,"column":60}},"14":{"start":{"line":18,"column":0},"end":{"line":18,"column":69}},"15":{"start":{"line":19,"column":0},"end":{"line":19,"column":70}},"16":{"start":{"line":20,"column":0},"end":{"line":20,"column":81}},"17":{"start":{"line":22,"column":0},"end":{"line":22,"column":24}}},"fnMap":{},"branchMap":{},"s":{"0":2,"1":2,"2":2,"3":2,"4":2,"5":2,"6":2,"7":2,"8":2,"9":2,"10":2,"11":2,"12":2,"13":2,"14":2,"15":2,"16":2,"17":2},"f":{},"b":{},"_coverageSchema":"1a1c01bbd47fc00a2c39e90264f33305004495a9","hash":"2040aedc6a4068e5865c23a55b5d4ce96c2fc58a"}
,"/Users/jackptoke/Coding/Mern/WeExplore/Backend/routes/image_routes.js": {"path":"/Users/jackptoke/Coding/Mern/WeExplore/Backend/routes/image_routes.js","statementMap":{"0":{"start":{"line":1,"column":16},"end":{"line":1,"column":34}},"1":{"start":{"line":2,"column":15},"end":{"line":2,"column":31}},"2":{"start":{"line":3,"column":22},"end":{"line":3,"column":65}},"3":{"start":{"line":4,"column":19},"end":{"line":4,"column":48}},"4":{"start":{"line":6,"column":0},"end":{"line":6,"column":59}},"5":{"start":{"line":8,"column":0},"end":{"line":8,"column":23}}},"fnMap":{},"branchMap":{},"s":{"0":2,"1":2,"2":2,"3":2,"4":2,"5":2},"f":{},"b":{},"_coverageSchema":"1a1c01bbd47fc00a2c39e90264f33305004495a9","hash":"43198ced266c3ba75825427fe0140c9e13d35268"}
,"/Users/jackptoke/Coding/Mern/WeExplore/Backend/routes/index.js": {"path":"/Users/jackptoke/Coding/Mern/WeExplore/Backend/routes/index.js","statementMap":{"0":{"start":{"line":1,"column":16},"end":{"line":1,"column":34}},"1":{"start":{"line":2,"column":15},"end":{"line":2,"column":31}},"2":{"start":{"line":4,"column":0},"end":{"line":4,"column":47}},"3":{"start":{"line":5,"column":0},"end":{"line":5,"column":57}},"4":{"start":{"line":6,"column":0},"end":{"line":6,"column":49}},"5":{"start":{"line":7,"column":0},"end":{"line":7,"column":48}},"6":{"start":{"line":8,"column":0},"end":{"line":8,"column":48}},"7":{"start":{"line":9,"column":0},"end":{"line":9,"column":53}},"8":{"start":{"line":12,"column":0},"end":{"line":12,"column":24}}},"fnMap":{},"branchMap":{},"s":{"0":2,"1":2,"2":2,"3":2,"4":2,"5":2,"6":2,"7":2,"8":2},"f":{},"b":{},"_coverageSchema":"1a1c01bbd47fc00a2c39e90264f33305004495a9","hash":"01b5166fd19a8253157e563c635f2f82cf5fe498"}
,"/Users/jackptoke/Coding/Mern/WeExplore/Backend/routes/presenter_routes.js": {"path":"/Users/jackptoke/Coding/Mern/WeExplore/Backend/routes/presenter_routes.js","statementMap":{"0":{"start":{"line":1,"column":16},"end":{"line":1,"column":34}},"1":{"start":{"line":2,"column":15},"end":{"line":2,"column":31}},"2":{"start":{"line":3,"column":19},"end":{"line":3,"column":48}},"3":{"start":{"line":5,"column":129},"end":{"line":5,"column":176}},"4":{"start":{"line":7,"column":0},"end":{"line":7,"column":23}},"5":{"start":{"line":8,"column":0},"end":{"line":8,"column":38}},"6":{"start":{"line":9,"column":0},"end":{"line":9,"column":68}},"7":{"start":{"line":10,"column":0},"end":{"line":10,"column":69}},"8":{"start":{"line":11,"column":0},"end":{"line":11,"column":70}},"9":{"start":{"line":12,"column":0},"end":{"line":12,"column":76}},"10":{"start":{"line":13,"column":0},"end":{"line":13,"column":79}},"11":{"start":{"line":15,"column":0},"end":{"line":15,"column":24}}},"fnMap":{},"branchMap":{},"s":{"0":2,"1":2,"2":2,"3":2,"4":2,"5":2,"6":2,"7":2,"8":2,"9":2,"10":2,"11":2},"f":{},"b":{},"_coverageSchema":"1a1c01bbd47fc00a2c39e90264f33305004495a9","hash":"724c64917aa80e531869a21c31164ff4111fb4ee"}
,"/Users/jackptoke/Coding/Mern/WeExplore/Backend/routes/request_routes.js": {"path":"/Users/jackptoke/Coding/Mern/WeExplore/Backend/routes/request_routes.js","statementMap":{"0":{"start":{"line":1,"column":16},"end":{"line":1,"column":34}},"1":{"start":{"line":2,"column":15},"end":{"line":2,"column":31}},"2":{"start":{"line":3,"column":19},"end":{"line":3,"column":48}},"3":{"start":{"line":5,"column":38},"end":{"line":5,"column":83}},"4":{"start":{"line":7,"column":0},"end":{"line":7,"column":29}},"5":{"start":{"line":8,"column":0},"end":{"line":8,"column":43}},"6":{"start":{"line":10,"column":0},"end":{"line":10,"column":24}}},"fnMap":{},"branchMap":{},"s":{"0":2,"1":2,"2":2,"3":2,"4":2,"5":2,"6":2},"f":{},"b":{},"_coverageSchema":"1a1c01bbd47fc00a2c39e90264f33305004495a9","hash":"55a26158eb065edbf214fcfa5da2d3719874abfa"}
,"/Users/jackptoke/Coding/Mern/WeExplore/Backend/routes/token_middleware.js": {"path":"/Users/jackptoke/Coding/Mern/WeExplore/Backend/routes/token_middleware.js","statementMap":{"0":{"start":{"line":1,"column":10},"end":{"line":1,"column":35}},"1":{"start":{"line":4,"column":17},"end":{"line":43,"column":1}},"2":{"start":{"line":7,"column":14},"end":{"line":8,"column":48}},"3":{"start":{"line":10,"column":2},"end":{"line":13,"column":3}},"4":{"start":{"line":12,"column":4},"end":{"line":12,"column":43}},"5":{"start":{"line":14,"column":2},"end":{"line":42,"column":3}},"6":{"start":{"line":16,"column":4},"end":{"line":35,"column":8}},"7":{"start":{"line":17,"column":6},"end":{"line":26,"column":7}},"8":{"start":{"line":18,"column":8},"end":{"line":21,"column":12}},"9":{"start":{"line":24,"column":8},"end":{"line":24,"column":30}},"10":{"start":{"line":25,"column":8},"end":{"line":25,"column":15}},"11":{"start":{"line":38,"column":4},"end":{"line":41,"column":8}},"12":{"start":{"line":46,"column":22},"end":{"line":85,"column":1}},"13":{"start":{"line":48,"column":14},"end":{"line":49,"column":48}},"14":{"start":{"line":51,"column":2},"end":{"line":54,"column":3}},"15":{"start":{"line":53,"column":4},"end":{"line":53,"column":43}},"16":{"start":{"line":55,"column":2},"end":{"line":84,"column":3}},"17":{"start":{"line":57,"column":4},"end":{"line":76,"column":8}},"18":{"start":{"line":58,"column":6},"end":{"line":75,"column":7}},"19":{"start":{"line":59,"column":8},"end":{"line":63,"column":12}},"20":{"start":{"line":65,"column":11},"end":{"line":75,"column":7}},"21":{"start":{"line":66,"column":8},"end":{"line":66,"column":30}},"22":{"start":{"line":67,"column":8},"end":{"line":67,"column":15}},"23":{"start":{"line":70,"column":8},"end":{"line":74,"column":14}},"24":{"start":{"line":79,"column":4},"end":{"line":83,"column":8}},"25":{"start":{"line":87,"column":0},"end":{"line":91,"column":1}}},"fnMap":{"0":{"name":"(anonymous_0)","decl":{"start":{"line":4,"column":17},"end":{"line":4,"column":18}},"loc":{"start":{"line":4,"column":36},"end":{"line":43,"column":1}},"line":4},"1":{"name":"(anonymous_1)","decl":{"start":{"line":16,"column":49},"end":{"line":16,"column":50}},"loc":{"start":{"line":16,"column":66},"end":{"line":35,"column":5}},"line":16},"2":{"name":"(anonymous_2)","decl":{"start":{"line":46,"column":22},"end":{"line":46,"column":23}},"loc":{"start":{"line":46,"column":41},"end":{"line":85,"column":1}},"line":46},"3":{"name":"(anonymous_3)","decl":{"start":{"line":57,"column":49},"end":{"line":57,"column":50}},"loc":{"start":{"line":57,"column":66},"end":{"line":76,"column":5}},"line":57}},"branchMap":{"0":{"loc":{"start":{"line":7,"column":14},"end":{"line":8,"column":48}},"type":"binary-expr","locations":[{"start":{"line":7,"column":14},"end":{"line":7,"column":43}},{"start":{"line":8,"column":14},"end":{"line":8,"column":42}},{"start":{"line":8,"column":46},"end":{"line":8,"column":48}}],"line":7},"1":{"loc":{"start":{"line":10,"column":2},"end":{"line":13,"column":3}},"type":"if","locations":[{"start":{"line":10,"column":2},"end":{"line":13,"column":3}},{"start":{"line":10,"column":2},"end":{"line":13,"column":3}}],"line":10},"2":{"loc":{"start":{"line":14,"column":2},"end":{"line":42,"column":3}},"type":"if","locations":[{"start":{"line":14,"column":2},"end":{"line":42,"column":3}},{"start":{"line":14,"column":2},"end":{"line":42,"column":3}}],"line":14},"3":{"loc":{"start":{"line":17,"column":6},"end":{"line":26,"column":7}},"type":"if","locations":[{"start":{"line":17,"column":6},"end":{"line":26,"column":7}},{"start":{"line":17,"column":6},"end":{"line":26,"column":7}}],"line":17},"4":{"loc":{"start":{"line":48,"column":14},"end":{"line":49,"column":48}},"type":"binary-expr","locations":[{"start":{"line":48,"column":14},"end":{"line":48,"column":43}},{"start":{"line":49,"column":14},"end":{"line":49,"column":42}},{"start":{"line":49,"column":46},"end":{"line":49,"column":48}}],"line":48},"5":{"loc":{"start":{"line":51,"column":2},"end":{"line":54,"column":3}},"type":"if","locations":[{"start":{"line":51,"column":2},"end":{"line":54,"column":3}},{"start":{"line":51,"column":2},"end":{"line":54,"column":3}}],"line":51},"6":{"loc":{"start":{"line":55,"column":2},"end":{"line":84,"column":3}},"type":"if","locations":[{"start":{"line":55,"column":2},"end":{"line":84,"column":3}},{"start":{"line":55,"column":2},"end":{"line":84,"column":3}}],"line":55},"7":{"loc":{"start":{"line":58,"column":6},"end":{"line":75,"column":7}},"type":"if","locations":[{"start":{"line":58,"column":6},"end":{"line":75,"column":7}},{"start":{"line":58,"column":6},"end":{"line":75,"column":7}}],"line":58},"8":{"loc":{"start":{"line":65,"column":11},"end":{"line":75,"column":7}},"type":"if","locations":[{"start":{"line":65,"column":11},"end":{"line":75,"column":7}},{"start":{"line":65,"column":11},"end":{"line":75,"column":7}}],"line":65}},"s":{"0":2,"1":2,"2":3,"3":3,"4":0,"5":3,"6":3,"7":3,"8":0,"9":3,"10":3,"11":0,"12":2,"13":1,"14":1,"15":0,"16":1,"17":1,"18":1,"19":0,"20":1,"21":1,"22":1,"23":0,"24":0,"25":2},"f":{"0":3,"1":3,"2":1,"3":1},"b":{"0":[3,3,0],"1":[0,3],"2":[3,0],"3":[0,3],"4":[1,1,0],"5":[0,1],"6":[1,0],"7":[0,1],"8":[1,0]},"_coverageSchema":"1a1c01bbd47fc00a2c39e90264f33305004495a9","hash":"c2632f019e3da9ef94f3d0c366d965b44ab99922"}
,"/Users/jackptoke/Coding/Mern/WeExplore/Backend/routes/user_routes.js": {"path":"/Users/jackptoke/Coding/Mern/WeExplore/Backend/routes/user_routes.js","statementMap":{"0":{"start":{"line":1,"column":16},"end":{"line":1,"column":34}},"1":{"start":{"line":2,"column":15},"end":{"line":2,"column":31}},"2":{"start":{"line":3,"column":19},"end":{"line":3,"column":48}},"3":{"start":{"line":5,"column":144},"end":{"line":5,"column":186}},"4":{"start":{"line":7,"column":0},"end":{"line":7,"column":51}},"5":{"start":{"line":8,"column":0},"end":{"line":8,"column":35}},"6":{"start":{"line":11,"column":0},"end":{"line":11,"column":70}},"7":{"start":{"line":12,"column":0},"end":{"line":12,"column":68}},"8":{"start":{"line":13,"column":0},"end":{"line":13,"column":71}},"9":{"start":{"line":14,"column":0},"end":{"line":14,"column":75}},"10":{"start":{"line":15,"column":0},"end":{"line":15,"column":64}},"11":{"start":{"line":16,"column":0},"end":{"line":16,"column":55}},"12":{"start":{"line":17,"column":0},"end":{"line":17,"column":71}},"13":{"start":{"line":18,"column":0},"end":{"line":18,"column":29}},"14":{"start":{"line":19,"column":0},"end":{"line":19,"column":38}},"15":{"start":{"line":21,"column":0},"end":{"line":21,"column":24}}},"fnMap":{},"branchMap":{},"s":{"0":2,"1":2,"2":2,"3":2,"4":2,"5":2,"6":2,"7":2,"8":2,"9":2,"10":2,"11":2,"12":2,"13":2,"14":2,"15":2},"f":{},"b":{},"_coverageSchema":"1a1c01bbd47fc00a2c39e90264f33305004495a9","hash":"d107d5664cc030b907f833b2d2ab9a4cb82e5c86"}
}
