TN:
SF:index.js
FN:14,(anonymous_0)
FN:30,(anonymous_1)
FNF:2
FNH:2
FNDA:10,(anonymous_0)
FNDA:2,(anonymous_1)
DA:1,2
DA:2,2
DA:3,2
DA:4,2
DA:6,2
DA:8,2
DA:10,2
DA:11,2
DA:12,2
DA:14,2
DA:15,10
DA:16,10
DA:20,10
DA:24,2
DA:27,2
DA:30,2
DA:31,2
DA:32,0
DA:34,2
DA:46,2
LF:20
LH:19
BRDA:31,0,0,0
BRDA:31,0,1,2
BRF:2
BRH:1
end_of_record
TN:
SF:controllers/email_controllers.js
FN:4,(anonymous_0)
FN:23,(anonymous_1)
FNF:2
FNH:0
FNDA:0,(anonymous_0)
FNDA:0,(anonymous_1)
DA:1,2
DA:2,2
DA:4,2
DA:5,0
DA:7,0
DA:8,0
DA:17,0
DA:23,0
DA:24,0
DA:25,0
DA:27,0
DA:28,0
DA:31,0
DA:34,2
LF:14
LH:4
BRDA:24,0,0,0
BRDA:24,0,1,0
BRF:2
BRH:0
end_of_record
TN:
SF:controllers/event_controllers.js
FN:6,(anonymous_0)
FN:17,(anonymous_1)
FN:18,(anonymous_2)
FN:22,(anonymous_3)
FN:27,(anonymous_4)
FN:39,(anonymous_5)
FN:50,(anonymous_6)
FN:59,(anonymous_7)
FN:65,(anonymous_8)
FN:75,(anonymous_9)
FN:89,(anonymous_10)
FN:93,(anonymous_11)
FN:97,(anonymous_12)
FN:100,(anonymous_13)
FN:103,(anonymous_14)
FN:112,(anonymous_15)
FN:113,(anonymous_16)
FN:116,(anonymous_17)
FN:121,(anonymous_18)
FN:122,(anonymous_19)
FN:125,(anonymous_20)
FN:129,(anonymous_21)
FN:134,(anonymous_22)
FN:136,(anonymous_23)
FN:145,(anonymous_24)
FN:152,(anonymous_25)
FN:156,(anonymous_26)
FN:161,(anonymous_27)
FN:167,(anonymous_28)
FN:172,(anonymous_29)
FN:176,(anonymous_30)
FN:178,(anonymous_31)
FN:187,(anonymous_32)
FN:191,(anonymous_33)
FN:198,(anonymous_34)
FN:205,(anonymous_35)
FN:211,(anonymous_36)
FN:220,(anonymous_37)
FN:236,(anonymous_38)
FN:242,(anonymous_39)
FN:248,(anonymous_40)
FN:254,(anonymous_41)
FN:261,(anonymous_42)
FN:275,(anonymous_43)
FN:280,(anonymous_44)
FN:285,(anonymous_45)
FN:291,(anonymous_46)
FN:300,(anonymous_47)
FN:316,(anonymous_48)
FN:322,(anonymous_49)
FN:329,(anonymous_50)
FN:338,(anonymous_51)
FN:345,(anonymous_52)
FNF:53
FNH:0
FNDA:0,(anonymous_0)
FNDA:0,(anonymous_1)
FNDA:0,(anonymous_2)
FNDA:0,(anonymous_3)
FNDA:0,(anonymous_4)
FNDA:0,(anonymous_5)
FNDA:0,(anonymous_6)
FNDA:0,(anonymous_7)
FNDA:0,(anonymous_8)
FNDA:0,(anonymous_9)
FNDA:0,(anonymous_10)
FNDA:0,(anonymous_11)
FNDA:0,(anonymous_12)
FNDA:0,(anonymous_13)
FNDA:0,(anonymous_14)
FNDA:0,(anonymous_15)
FNDA:0,(anonymous_16)
FNDA:0,(anonymous_17)
FNDA:0,(anonymous_18)
FNDA:0,(anonymous_19)
FNDA:0,(anonymous_20)
FNDA:0,(anonymous_21)
FNDA:0,(anonymous_22)
FNDA:0,(anonymous_23)
FNDA:0,(anonymous_24)
FNDA:0,(anonymous_25)
FNDA:0,(anonymous_26)
FNDA:0,(anonymous_27)
FNDA:0,(anonymous_28)
FNDA:0,(anonymous_29)
FNDA:0,(anonymous_30)
FNDA:0,(anonymous_31)
FNDA:0,(anonymous_32)
FNDA:0,(anonymous_33)
FNDA:0,(anonymous_34)
FNDA:0,(anonymous_35)
FNDA:0,(anonymous_36)
FNDA:0,(anonymous_37)
FNDA:0,(anonymous_38)
FNDA:0,(anonymous_39)
FNDA:0,(anonymous_40)
FNDA:0,(anonymous_41)
FNDA:0,(anonymous_42)
FNDA:0,(anonymous_43)
FNDA:0,(anonymous_44)
FNDA:0,(anonymous_45)
FNDA:0,(anonymous_46)
FNDA:0,(anonymous_47)
FNDA:0,(anonymous_48)
FNDA:0,(anonymous_49)
FNDA:0,(anonymous_50)
FNDA:0,(anonymous_51)
FNDA:0,(anonymous_52)
DA:1,2
DA:2,2
DA:3,2
DA:6,2
DA:7,0
DA:9,0
DA:11,0
DA:12,0
DA:15,0
DA:16,0
DA:17,0
DA:18,0
DA:22,2
DA:23,0
DA:25,0
DA:28,0
DA:29,0
DA:32,0
DA:36,0
DA:39,2
DA:40,0
DA:42,0
DA:44,0
DA:48,0
DA:51,0
DA:53,0
DA:56,0
DA:60,0
DA:62,0
DA:65,2
DA:66,0
DA:68,0
DA:70,0
DA:71,0
DA:74,0
DA:76,0
DA:77,0
DA:83,0
DA:84,0
DA:89,0
DA:90,0
DA:93,2
DA:94,0
DA:97,0
DA:98,0
DA:100,0
DA:101,0
DA:103,0
DA:104,0
DA:107,0
DA:109,0
DA:111,0
DA:112,0
DA:113,0
DA:116,2
DA:117,0
DA:120,0
DA:121,0
DA:122,0
DA:125,2
DA:126,0
DA:128,0
DA:131,0
DA:132,0
DA:135,0
DA:138,0
DA:139,0
DA:140,0
DA:142,0
DA:146,0
DA:147,0
DA:149,0
DA:152,2
DA:153,0
DA:155,0
DA:158,0
DA:159,0
DA:163,0
DA:164,0
DA:167,0
DA:171,0
DA:174,0
DA:176,0
DA:178,0
DA:181,0
DA:182,0
DA:185,0
DA:187,0
DA:192,0
DA:193,0
DA:195,0
DA:198,2
DA:199,0
DA:200,0
DA:202,0
DA:203,0
DA:205,0
DA:207,0
DA:208,0
DA:210,0
DA:211,0
DA:212,0
DA:215,0
DA:216,0
DA:218,0
DA:219,0
DA:221,0
DA:222,0
DA:224,0
DA:225,0
DA:226,0
DA:228,0
DA:232,0
DA:234,0
DA:236,0
DA:238,0
DA:242,2
DA:243,0
DA:245,0
DA:248,0
DA:250,0
DA:251,0
DA:254,0
DA:255,0
DA:258,0
DA:259,0
DA:260,0
DA:262,0
DA:263,0
DA:266,0
DA:271,0
DA:273,0
DA:275,0
DA:277,0
DA:280,2
DA:281,0
DA:283,0
DA:285,0
DA:286,0
DA:287,0
DA:288,0
DA:290,0
DA:291,0
DA:292,0
DA:294,0
DA:295,0
DA:296,0
DA:298,0
DA:299,0
DA:301,0
DA:302,0
DA:304,0
DA:305,0
DA:306,0
DA:308,0
DA:312,0
DA:314,0
DA:316,0
DA:318,0
DA:322,2
DA:323,0
DA:325,0
DA:326,0
DA:328,0
DA:329,0
DA:331,0
DA:332,0
DA:335,0
DA:338,2
DA:339,0
DA:341,0
DA:342,0
DA:344,0
DA:345,0
DA:347,0
DA:348,0
DA:351,0
DA:356,2
LF:178
LH:17
BRDA:11,0,0,0
BRDA:11,0,1,0
BRDA:28,1,0,0
BRDA:28,1,1,0
BRDA:51,2,0,0
BRDA:51,2,1,0
BRDA:70,3,0,0
BRDA:70,3,1,0
BRDA:76,4,0,0
BRDA:76,4,1,0
BRDA:131,5,0,0
BRDA:131,5,1,0
BRDA:139,6,0,0
BRDA:139,6,1,0
BRDA:158,7,0,0
BRDA:158,7,1,0
BRDA:163,8,0,0
BRDA:163,8,1,0
BRDA:207,9,0,0
BRDA:207,9,1,0
BRDA:207,10,0,0
BRDA:207,10,1,0
BRDA:207,10,2,0
BRDA:215,11,0,0
BRDA:215,11,1,0
BRDA:221,12,0,0
BRDA:221,12,1,0
BRDA:225,13,0,0
BRDA:225,13,1,0
BRDA:250,14,0,0
BRDA:250,14,1,0
BRDA:250,15,0,0
BRDA:250,15,1,0
BRDA:250,15,2,0
BRDA:258,16,0,0
BRDA:258,16,1,0
BRDA:258,17,0,0
BRDA:258,17,1,0
BRDA:262,18,0,0
BRDA:262,18,1,0
BRDA:287,19,0,0
BRDA:287,19,1,0
BRDA:287,20,0,0
BRDA:287,20,1,0
BRDA:287,20,2,0
BRDA:295,21,0,0
BRDA:295,21,1,0
BRDA:301,22,0,0
BRDA:301,22,1,0
BRDA:305,23,0,0
BRDA:305,23,1,0
BRDA:331,24,0,0
BRDA:331,24,1,0
BRDA:347,25,0,0
BRDA:347,25,1,0
BRF:55
BRH:0
end_of_record
TN:
SF:controllers/image_controllers.js
FN:13,(anonymous_0)
FN:26,(anonymous_1)
FNF:2
FNH:0
FNDA:0,(anonymous_0)
FNDA:0,(anonymous_1)
DA:1,2
DA:2,2
DA:3,2
DA:5,2
DA:13,2
DA:15,0
DA:17,0
DA:18,0
DA:20,0
DA:27,0
DA:28,0
DA:30,0
DA:35,0
DA:39,2
LF:14
LH:6
BRDA:27,0,0,0
BRDA:27,0,1,0
BRF:2
BRH:0
end_of_record
TN:
SF:controllers/presenter_controllers.js
FN:4,(anonymous_0)
FN:5,(anonymous_1)
FN:27,(anonymous_2)
FN:35,(anonymous_3)
FN:36,(anonymous_4)
FN:39,(anonymous_5)
FN:42,(anonymous_6)
FN:43,(anonymous_7)
FN:46,(anonymous_8)
FN:49,(anonymous_9)
FN:50,(anonymous_10)
FN:53,(anonymous_11)
FN:57,(anonymous_12)
FN:58,(anonymous_13)
FN:61,(anonymous_14)
FN:65,(anonymous_15)
FN:66,(anonymous_16)
FN:69,(anonymous_17)
FN:74,(anonymous_18)
FN:75,(anonymous_19)
FNF:20
FNH:0
FNDA:0,(anonymous_0)
FNDA:0,(anonymous_1)
FNDA:0,(anonymous_2)
FNDA:0,(anonymous_3)
FNDA:0,(anonymous_4)
FNDA:0,(anonymous_5)
FNDA:0,(anonymous_6)
FNDA:0,(anonymous_7)
FNDA:0,(anonymous_8)
FNDA:0,(anonymous_9)
FNDA:0,(anonymous_10)
FNDA:0,(anonymous_11)
FNDA:0,(anonymous_12)
FNDA:0,(anonymous_13)
FNDA:0,(anonymous_14)
FNDA:0,(anonymous_15)
FNDA:0,(anonymous_16)
FNDA:0,(anonymous_17)
FNDA:0,(anonymous_18)
FNDA:0,(anonymous_19)
DA:1,2
DA:4,2
DA:5,0
DA:6,0
DA:7,0
DA:11,0
DA:12,0
DA:19,0
DA:24,0
DA:27,2
DA:28,0
DA:30,0
DA:34,0
DA:35,0
DA:36,0
DA:39,2
DA:40,0
DA:41,0
DA:42,0
DA:43,0
DA:46,2
DA:47,0
DA:48,0
DA:49,0
DA:50,0
DA:53,2
DA:54,0
DA:56,0
DA:57,0
DA:58,0
DA:61,2
DA:62,0
DA:64,0
DA:65,0
DA:66,0
DA:69,2
DA:70,0
DA:72,0
DA:73,0
DA:74,0
DA:75,0
DA:78,2
LF:42
LH:9
BRDA:6,0,0,0
BRDA:6,0,1,0
BRDA:11,1,0,0
BRDA:11,1,1,0
BRF:4
BRH:0
end_of_record
TN:
SF:controllers/request_controllers.js
FN:9,(anonymous_0)
FN:15,(anonymous_1)
FN:26,(anonymous_2)
FN:43,(anonymous_3)
FN:44,(anonymous_4)
FN:49,(anonymous_5)
FN:54,(anonymous_6)
FN:198,(anonymous_7)
FN:202,(anonymous_8)
FN:225,(anonymous_9)
FN:229,(anonymous_10)
FN:233,(anonymous_11)
FN:237,(anonymous_12)
FNF:13
FNH:0
FNDA:0,(anonymous_0)
FNDA:0,(anonymous_1)
FNDA:0,(anonymous_2)
FNDA:0,(anonymous_3)
FNDA:0,(anonymous_4)
FNDA:0,(anonymous_5)
FNDA:0,(anonymous_6)
FNDA:0,(anonymous_7)
FNDA:0,(anonymous_8)
FNDA:0,(anonymous_9)
FNDA:0,(anonymous_10)
FNDA:0,(anonymous_11)
FNDA:0,(anonymous_12)
DA:1,2
DA:2,2
DA:3,2
DA:4,2
DA:5,2
DA:6,2
DA:7,2
DA:9,2
DA:12,0
DA:14,0
DA:16,0
DA:17,0
DA:18,0
DA:19,0
DA:21,0
DA:24,0
DA:26,0
DA:27,0
DA:28,0
DA:30,0
DA:31,0
DA:39,0
DA:40,0
DA:42,0
DA:43,0
DA:44,0
DA:49,0
DA:50,0
DA:54,2
DA:55,0
DA:58,0
DA:68,0
DA:193,0
DA:194,0
DA:195,0
DA:198,2
DA:200,0
DA:201,0
DA:207,0
DA:208,0
DA:214,0
DA:217,0
DA:218,0
DA:220,0
DA:224,0
DA:225,0
DA:228,0
DA:231,0
DA:233,0
DA:237,0
DA:238,0
DA:241,2
LF:52
LH:11
BRDA:19,0,0,0
BRDA:19,0,1,0
BRDA:30,1,0,0
BRDA:30,1,1,0
BRDA:207,2,0,0
BRDA:207,2,1,0
BRF:6
BRH:0
end_of_record
TN:
SF:controllers/user_controllers.js
FN:5,(anonymous_0)
FN:8,(anonymous_1)
FN:35,(anonymous_2)
FN:60,(anonymous_3)
FN:64,(anonymous_4)
FN:72,(anonymous_5)
FN:77,(anonymous_6)
FN:86,(anonymous_7)
FN:87,(anonymous_8)
FN:99,(anonymous_9)
FN:105,(anonymous_10)
FN:129,(anonymous_11)
FN:133,(anonymous_12)
FN:167,(anonymous_13)
FN:173,(anonymous_14)
FN:186,(anonymous_15)
FN:190,(anonymous_16)
FN:207,(anonymous_17)
FN:214,(anonymous_18)
FN:226,(anonymous_19)
FN:227,(anonymous_20)
FN:239,(anonymous_21)
FN:245,(anonymous_22)
FN:258,(anonymous_23)
FN:259,(anonymous_24)
FN:271,(anonymous_25)
FN:281,(anonymous_26)
FN:291,(anonymous_27)
FN:296,(anonymous_28)
FN:300,(anonymous_29)
FN:312,(anonymous_30)
FN:313,(anonymous_31)
FN:325,(anonymous_32)
FN:327,(anonymous_33)
FNF:34
FNH:14
FNDA:1,(anonymous_0)
FNDA:1,(anonymous_1)
FNDA:4,(anonymous_2)
FNDA:2,(anonymous_3)
FNDA:1,(anonymous_4)
FNDA:1,(anonymous_5)
FNDA:1,(anonymous_6)
FNDA:1,(anonymous_7)
FNDA:0,(anonymous_8)
FNDA:1,(anonymous_9)
FNDA:1,(anonymous_10)
FNDA:2,(anonymous_11)
FNDA:2,(anonymous_12)
FNDA:0,(anonymous_13)
FNDA:0,(anonymous_14)
FNDA:0,(anonymous_15)
FNDA:0,(anonymous_16)
FNDA:0,(anonymous_17)
FNDA:0,(anonymous_18)
FNDA:0,(anonymous_19)
FNDA:0,(anonymous_20)
FNDA:0,(anonymous_21)
FNDA:0,(anonymous_22)
FNDA:0,(anonymous_23)
FNDA:0,(anonymous_24)
FNDA:1,(anonymous_25)
FNDA:1,(anonymous_26)
FNDA:0,(anonymous_27)
FNDA:0,(anonymous_28)
FNDA:0,(anonymous_29)
FNDA:0,(anonymous_30)
FNDA:0,(anonymous_31)
FNDA:0,(anonymous_32)
FNDA:0,(anonymous_33)
DA:1,2
DA:2,2
DA:3,2
DA:5,2
DA:6,1
DA:7,1
DA:8,1
DA:9,1
DA:10,0
DA:14,1
DA:15,0
DA:21,1
DA:22,1
DA:25,0
DA:32,1
DA:35,2
DA:36,4
DA:38,4
DA:50,4
DA:51,1
DA:52,1
DA:57,3
DA:59,3
DA:61,2
DA:62,2
DA:65,1
DA:66,1
DA:69,4
DA:72,2
DA:74,1
DA:75,1
DA:77,1
DA:78,1
DA:79,0
DA:84,1
DA:85,1
DA:86,1
DA:87,0
DA:90,0
DA:96,1
DA:99,2
DA:102,1
DA:103,1
DA:105,1
DA:106,1
DA:107,0
DA:108,0
DA:114,1
DA:115,1
DA:116,1
DA:119,0
DA:120,0
DA:126,1
DA:129,2
DA:130,2
DA:133,2
DA:134,2
DA:135,0
DA:136,0
DA:142,2
DA:143,2
DA:147,2
DA:148,2
DA:156,0
DA:157,0
DA:164,2
DA:167,2
DA:170,0
DA:171,0
DA:173,0
DA:174,0
DA:175,0
DA:176,0
DA:183,0
DA:184,0
DA:185,0
DA:187,0
DA:188,0
DA:191,0
DA:192,0
DA:197,0
DA:198,0
DA:204,0
DA:207,2
DA:210,0
DA:212,0
DA:214,0
DA:215,0
DA:216,0
DA:223,0
DA:224,0
DA:225,0
DA:226,0
DA:227,0
DA:230,0
DA:236,0
DA:239,2
DA:244,0
DA:245,0
DA:246,0
DA:247,0
DA:254,0
DA:256,0
DA:257,0
DA:258,0
DA:259,0
DA:262,0
DA:268,0
DA:271,2
DA:272,1
DA:273,1
DA:276,1
DA:277,0
DA:280,1
DA:282,1
DA:283,0
DA:286,1
DA:287,1
DA:289,0
DA:291,0
DA:293,1
DA:296,2
DA:297,0
DA:298,0
DA:300,0
DA:301,0
DA:302,0
DA:309,0
DA:310,0
DA:311,0
DA:312,0
DA:313,0
DA:316,0
DA:322,0
DA:325,2
DA:326,0
DA:327,0
DA:328,0
DA:329,0
DA:331,0
DA:332,0
DA:334,0
DA:337,0
DA:340,2
LF:144
LH:67
BRDA:9,0,0,0
BRDA:9,0,1,1
BRDA:14,1,0,0
BRDA:14,1,1,1
BRDA:21,2,0,1
BRDA:21,2,1,0
BRDA:50,3,0,1
BRDA:50,3,1,3
BRDA:78,4,0,0
BRDA:78,4,1,1
BRDA:84,5,0,1
BRDA:84,5,1,0
BRDA:84,6,0,1
BRDA:84,6,1,0
BRDA:106,7,0,0
BRDA:106,7,1,1
BRDA:114,8,0,1
BRDA:114,8,1,0
BRDA:114,9,0,1
BRDA:114,9,1,0
BRDA:134,10,0,0
BRDA:134,10,1,2
BRDA:134,11,0,2
BRDA:134,11,1,2
BRDA:142,12,0,2
BRDA:142,12,1,0
BRDA:174,13,0,0
BRDA:174,13,1,0
BRDA:183,14,0,0
BRDA:183,14,1,0
BRDA:183,15,0,0
BRDA:183,15,1,0
BRDA:215,16,0,0
BRDA:215,16,1,0
BRDA:223,17,0,0
BRDA:223,17,1,0
BRDA:223,18,0,0
BRDA:223,18,1,0
BRDA:246,19,0,0
BRDA:246,19,1,0
BRDA:254,20,0,0
BRDA:254,20,1,0
BRDA:276,21,0,0
BRDA:276,21,1,1
BRDA:276,22,0,1
BRDA:276,22,1,0
BRDA:282,23,0,0
BRDA:282,23,1,1
BRDA:286,24,0,1
BRDA:286,24,1,0
BRDA:301,25,0,0
BRDA:301,25,1,0
BRDA:309,26,0,0
BRDA:309,26,1,0
BRDA:309,27,0,0
BRDA:309,27,1,0
BRDA:328,28,0,0
BRDA:328,28,1,0
BRDA:331,29,0,0
BRDA:331,29,1,0
BRF:60
BRH:19
end_of_record
TN:
SF:models/event.js
FNF:0
FNH:0
DA:1,2
DA:2,2
DA:3,2
DA:5,2
DA:9,2
DA:10,2
DA:12,2
DA:92,2
DA:94,2
LF:9
LH:9
BRF:0
BRH:0
end_of_record
TN:
SF:models/presenter.js
FNF:0
FNH:0
DA:1,2
DA:3,2
DA:6,2
DA:8,2
DA:55,2
DA:57,2
LF:6
LH:6
BRF:0
BRH:0
end_of_record
TN:
SF:models/request.js
FN:10,(anonymous_0)
FN:13,(anonymous_1)
FNF:2
FNH:0
FNDA:0,(anonymous_0)
FNDA:0,(anonymous_1)
DA:1,2
DA:2,2
DA:3,2
DA:5,2
DA:11,0
DA:13,0
DA:30,2
DA:32,2
LF:8
LH:6
BRF:0
BRH:0
end_of_record
TN:
SF:models/user.js
FN:12,(anonymous_0)
FN:15,(anonymous_1)
FN:71,(anonymous_2)
FN:75,(anonymous_3)
FNF:4
FNH:3
FNDA:3,(anonymous_0)
FNDA:0,(anonymous_1)
FNDA:3,(anonymous_2)
FNDA:2,(anonymous_3)
DA:1,2
DA:2,2
DA:3,2
DA:4,2
DA:6,2
DA:13,3
DA:15,0
DA:71,2
DA:72,3
DA:75,2
DA:76,2
DA:77,2
DA:80,2
DA:82,2
LF:14
LH:13
BRF:0
BRH:0
end_of_record
TN:
SF:routes/email_routes.js
FNF:0
FNH:0
DA:1,2
DA:2,2
DA:3,2
DA:6,2
DA:8,2
LF:5
LH:5
BRF:0
BRH:0
end_of_record
TN:
SF:routes/event_routes.js
FNF:0
FNH:0
DA:1,2
DA:2,2
DA:3,2
DA:5,2
DA:8,2
DA:9,2
DA:10,2
DA:11,2
DA:12,2
DA:13,2
DA:14,2
DA:15,2
DA:16,2
DA:17,2
DA:18,2
DA:19,2
DA:20,2
DA:22,2
LF:18
LH:18
BRF:0
BRH:0
end_of_record
TN:
SF:routes/image_routes.js
FNF:0
FNH:0
DA:1,2
DA:2,2
DA:3,2
DA:4,2
DA:6,2
DA:8,2
LF:6
LH:6
BRF:0
BRH:0
end_of_record
TN:
SF:routes/index.js
FNF:0
FNH:0
DA:1,2
DA:2,2
DA:4,2
DA:5,2
DA:6,2
DA:7,2
DA:8,2
DA:9,2
DA:12,2
LF:9
LH:9
BRF:0
BRH:0
end_of_record
TN:
SF:routes/presenter_routes.js
FNF:0
FNH:0
DA:1,2
DA:2,2
DA:3,2
DA:5,2
DA:7,2
DA:8,2
DA:9,2
DA:10,2
DA:11,2
DA:12,2
DA:13,2
DA:15,2
LF:12
LH:12
BRF:0
BRH:0
end_of_record
TN:
SF:routes/request_routes.js
FNF:0
FNH:0
DA:1,2
DA:2,2
DA:3,2
DA:5,2
DA:7,2
DA:8,2
DA:10,2
LF:7
LH:7
BRF:0
BRH:0
end_of_record
TN:
SF:routes/token_middleware.js
FN:4,(anonymous_0)
FN:16,(anonymous_1)
FN:46,(anonymous_2)
FN:57,(anonymous_3)
FNF:4
FNH:4
FNDA:3,(anonymous_0)
FNDA:3,(anonymous_1)
FNDA:1,(anonymous_2)
FNDA:1,(anonymous_3)
DA:1,2
DA:4,2
DA:7,3
DA:10,3
DA:12,0
DA:14,3
DA:16,3
DA:17,3
DA:18,0
DA:24,3
DA:25,3
DA:38,0
DA:46,2
DA:48,1
DA:51,1
DA:53,0
DA:55,1
DA:57,1
DA:58,1
DA:59,0
DA:65,1
DA:66,1
DA:67,1
DA:70,0
DA:79,0
DA:87,2
LF:26
LH:19
BRDA:7,0,0,3
BRDA:7,0,1,3
BRDA:7,0,2,0
BRDA:10,1,0,0
BRDA:10,1,1,3
BRDA:14,2,0,3
BRDA:14,2,1,0
BRDA:17,3,0,0
BRDA:17,3,1,3
BRDA:48,4,0,1
BRDA:48,4,1,1
BRDA:48,4,2,0
BRDA:51,5,0,0
BRDA:51,5,1,1
BRDA:55,6,0,1
BRDA:55,6,1,0
BRDA:58,7,0,0
BRDA:58,7,1,1
BRDA:65,8,0,1
BRDA:65,8,1,0
BRF:20
BRH:11
end_of_record
TN:
SF:routes/user_routes.js
FNF:0
FNH:0
DA:1,2
DA:2,2
DA:3,2
DA:5,2
DA:7,2
DA:8,2
DA:11,2
DA:12,2
DA:13,2
DA:14,2
DA:15,2
DA:16,2
DA:17,2
DA:18,2
DA:19,2
DA:21,2
LF:16
LH:16
BRF:0
BRH:0
end_of_record
