TN:
SF:testindex.js
FN:14,(anonymous_0)
FN:30,(anonymous_1)
FNF:2
FNH:2
FNDA:42,(anonymous_0)
FNDA:5,(anonymous_1)
DA:1,5
DA:2,5
DA:3,5
DA:4,5
DA:6,5
DA:8,5
DA:10,5
DA:11,5
DA:12,5
DA:14,5
DA:15,42
DA:16,42
DA:20,42
DA:24,5
DA:27,5
DA:30,5
DA:31,5
DA:32,0
DA:34,5
DA:38,5
LF:20
LH:19
BRDA:31,0,0,0
BRDA:31,0,1,5
BRF:2
BRH:1
end_of_record
TN:
SF:controllers/email_controllers.js
FN:4,(anonymous_0)
FN:26,(anonymous_1)
FNF:2
FNH:2
FNDA:1,(anonymous_0)
FNDA:1,(anonymous_1)
DA:1,5
DA:2,5
DA:4,5
DA:5,1
DA:8,1
DA:20,1
DA:26,1
DA:27,1
DA:28,0
DA:29,0
DA:31,1
DA:32,1
DA:37,1
DA:40,5
LF:14
LH:12
BRDA:27,0,0,0
BRDA:27,0,1,1
BRF:2
BRH:1
end_of_record
TN:
SF:controllers/event_controllers.js
FN:6,(anonymous_0)
FN:17,(anonymous_1)
FN:18,(anonymous_2)
FN:23,(anonymous_3)
FN:28,(anonymous_4)
FN:40,(anonymous_5)
FN:51,(anonymous_6)
FN:60,(anonymous_7)
FN:66,(anonymous_8)
FN:76,(anonymous_9)
FN:89,(anonymous_10)
FN:94,(anonymous_11)
FN:98,(anonymous_12)
FN:101,(anonymous_13)
FN:104,(anonymous_14)
FN:113,(anonymous_15)
FN:114,(anonymous_16)
FN:117,(anonymous_17)
FN:122,(anonymous_18)
FN:123,(anonymous_19)
FN:126,(anonymous_20)
FN:130,(anonymous_21)
FN:135,(anonymous_22)
FN:137,(anonymous_23)
FN:146,(anonymous_24)
FN:153,(anonymous_25)
FN:157,(anonymous_26)
FN:162,(anonymous_27)
FN:168,(anonymous_28)
FN:173,(anonymous_29)
FN:177,(anonymous_30)
FN:179,(anonymous_31)
FN:188,(anonymous_32)
FN:192,(anonymous_33)
FN:199,(anonymous_34)
FN:206,(anonymous_35)
FN:212,(anonymous_36)
FN:221,(anonymous_37)
FN:237,(anonymous_38)
FN:243,(anonymous_39)
FN:249,(anonymous_40)
FN:255,(anonymous_41)
FN:262,(anonymous_42)
FN:276,(anonymous_43)
FN:281,(anonymous_44)
FN:286,(anonymous_45)
FN:292,(anonymous_46)
FN:301,(anonymous_47)
FN:317,(anonymous_48)
FN:323,(anonymous_49)
FN:330,(anonymous_50)
FN:339,(anonymous_51)
FN:346,(anonymous_52)
FNF:53
FNH:15
FNDA:1,(anonymous_0)
FNDA:1,(anonymous_1)
FNDA:0,(anonymous_2)
FNDA:9,(anonymous_3)
FNDA:9,(anonymous_4)
FNDA:0,(anonymous_5)
FNDA:0,(anonymous_6)
FNDA:0,(anonymous_7)
FNDA:0,(anonymous_8)
FNDA:0,(anonymous_9)
FNDA:0,(anonymous_10)
FNDA:1,(anonymous_11)
FNDA:1,(anonymous_12)
FNDA:1,(anonymous_13)
FNDA:1,(anonymous_14)
FNDA:1,(anonymous_15)
FNDA:0,(anonymous_16)
FNDA:1,(anonymous_17)
FNDA:1,(anonymous_18)
FNDA:0,(anonymous_19)
FNDA:1,(anonymous_20)
FNDA:1,(anonymous_21)
FNDA:1,(anonymous_22)
FNDA:1,(anonymous_23)
FNDA:0,(anonymous_24)
FNDA:0,(anonymous_25)
FNDA:0,(anonymous_26)
FNDA:0,(anonymous_27)
FNDA:0,(anonymous_28)
FNDA:0,(anonymous_29)
FNDA:0,(anonymous_30)
FNDA:0,(anonymous_31)
FNDA:0,(anonymous_32)
FNDA:0,(anonymous_33)
FNDA:0,(anonymous_34)
FNDA:0,(anonymous_35)
FNDA:0,(anonymous_36)
FNDA:0,(anonymous_37)
FNDA:0,(anonymous_38)
FNDA:0,(anonymous_39)
FNDA:0,(anonymous_40)
FNDA:0,(anonymous_41)
FNDA:0,(anonymous_42)
FNDA:0,(anonymous_43)
FNDA:0,(anonymous_44)
FNDA:0,(anonymous_45)
FNDA:0,(anonymous_46)
FNDA:0,(anonymous_47)
FNDA:0,(anonymous_48)
FNDA:0,(anonymous_49)
FNDA:0,(anonymous_50)
FNDA:0,(anonymous_51)
FNDA:0,(anonymous_52)
DA:1,5
DA:2,5
DA:3,5
DA:6,5
DA:7,1
DA:9,1
DA:11,1
DA:12,0
DA:15,1
DA:16,1
DA:17,1
DA:18,0
DA:20,1
DA:23,5
DA:24,9
DA:26,9
DA:29,9
DA:30,0
DA:33,9
DA:37,9
DA:40,5
DA:43,0
DA:45,0
DA:49,0
DA:52,0
DA:54,0
DA:57,0
DA:61,0
DA:63,0
DA:66,5
DA:67,0
DA:69,0
DA:71,0
DA:72,0
DA:75,0
DA:77,0
DA:78,0
DA:84,0
DA:89,0
DA:91,0
DA:94,5
DA:95,1
DA:98,1
DA:99,1
DA:101,1
DA:102,1
DA:104,1
DA:105,1
DA:108,1
DA:112,1
DA:113,1
DA:114,0
DA:117,5
DA:118,1
DA:121,1
DA:122,1
DA:123,0
DA:126,5
DA:127,1
DA:129,1
DA:132,1
DA:133,1
DA:136,1
DA:139,1
DA:140,1
DA:141,1
DA:143,1
DA:147,0
DA:148,0
DA:150,1
DA:153,5
DA:154,0
DA:156,0
DA:159,0
DA:160,0
DA:164,0
DA:165,0
DA:168,0
DA:172,0
DA:175,0
DA:177,0
DA:179,0
DA:182,0
DA:183,0
DA:186,0
DA:188,0
DA:193,0
DA:194,0
DA:196,0
DA:199,5
DA:200,0
DA:201,0
DA:203,0
DA:204,0
DA:206,0
DA:208,0
DA:209,0
DA:211,0
DA:212,0
DA:213,0
DA:216,0
DA:217,0
DA:219,0
DA:220,0
DA:222,0
DA:223,0
DA:225,0
DA:226,0
DA:227,0
DA:229,0
DA:233,0
DA:235,0
DA:237,0
DA:239,0
DA:243,5
DA:244,0
DA:246,0
DA:249,0
DA:251,0
DA:252,0
DA:255,0
DA:256,0
DA:259,0
DA:260,0
DA:261,0
DA:263,0
DA:264,0
DA:267,0
DA:272,0
DA:274,0
DA:276,0
DA:278,0
DA:281,5
DA:282,0
DA:284,0
DA:286,0
DA:287,0
DA:288,0
DA:289,0
DA:291,0
DA:292,0
DA:293,0
DA:295,0
DA:296,0
DA:297,0
DA:299,0
DA:300,0
DA:302,0
DA:303,0
DA:305,0
DA:306,0
DA:307,0
DA:309,0
DA:313,0
DA:315,0
DA:317,0
DA:319,0
DA:323,5
DA:324,0
DA:326,0
DA:327,0
DA:329,0
DA:330,0
DA:332,0
DA:333,0
DA:336,0
DA:339,5
DA:340,0
DA:342,0
DA:343,0
DA:345,0
DA:346,0
DA:348,0
DA:349,0
DA:352,0
DA:357,5
LF:176
LH:52
BRDA:11,0,0,0
BRDA:11,0,1,1
BRDA:29,1,0,0
BRDA:29,1,1,9
BRDA:52,2,0,0
BRDA:52,2,1,0
BRDA:71,3,0,0
BRDA:71,3,1,0
BRDA:77,4,0,0
BRDA:77,4,1,0
BRDA:132,5,0,0
BRDA:132,5,1,1
BRDA:140,6,0,1
BRDA:140,6,1,0
BRDA:159,7,0,0
BRDA:159,7,1,0
BRDA:164,8,0,0
BRDA:164,8,1,0
BRDA:208,9,0,0
BRDA:208,9,1,0
BRDA:208,10,0,0
BRDA:208,10,1,0
BRDA:208,10,2,0
BRDA:216,11,0,0
BRDA:216,11,1,0
BRDA:222,12,0,0
BRDA:222,12,1,0
BRDA:226,13,0,0
BRDA:226,13,1,0
BRDA:251,14,0,0
BRDA:251,14,1,0
BRDA:251,15,0,0
BRDA:251,15,1,0
BRDA:251,15,2,0
BRDA:259,16,0,0
BRDA:259,16,1,0
BRDA:259,17,0,0
BRDA:259,17,1,0
BRDA:263,18,0,0
BRDA:263,18,1,0
BRDA:288,19,0,0
BRDA:288,19,1,0
BRDA:288,20,0,0
BRDA:288,20,1,0
BRDA:288,20,2,0
BRDA:296,21,0,0
BRDA:296,21,1,0
BRDA:302,22,0,0
BRDA:302,22,1,0
BRDA:306,23,0,0
BRDA:306,23,1,0
BRDA:332,24,0,0
BRDA:332,24,1,0
BRDA:348,25,0,0
BRDA:348,25,1,0
BRF:55
BRH:4
end_of_record
TN:
SF:controllers/presenter_controllers.js
FN:4,(anonymous_0)
FN:5,(anonymous_1)
FN:27,(anonymous_2)
FN:35,(anonymous_3)
FN:36,(anonymous_4)
FN:39,(anonymous_5)
FN:42,(anonymous_6)
FN:43,(anonymous_7)
FN:46,(anonymous_8)
FN:49,(anonymous_9)
FN:50,(anonymous_10)
FN:53,(anonymous_11)
FN:57,(anonymous_12)
FN:58,(anonymous_13)
FN:61,(anonymous_14)
FN:65,(anonymous_15)
FN:66,(anonymous_16)
FN:69,(anonymous_17)
FN:74,(anonymous_18)
FN:75,(anonymous_19)
FNF:20
FNH:4
FNDA:1,(anonymous_0)
FNDA:1,(anonymous_1)
FNDA:0,(anonymous_2)
FNDA:0,(anonymous_3)
FNDA:0,(anonymous_4)
FNDA:0,(anonymous_5)
FNDA:0,(anonymous_6)
FNDA:0,(anonymous_7)
FNDA:0,(anonymous_8)
FNDA:0,(anonymous_9)
FNDA:0,(anonymous_10)
FNDA:0,(anonymous_11)
FNDA:0,(anonymous_12)
FNDA:0,(anonymous_13)
FNDA:2,(anonymous_14)
FNDA:2,(anonymous_15)
FNDA:0,(anonymous_16)
FNDA:0,(anonymous_17)
FNDA:0,(anonymous_18)
FNDA:0,(anonymous_19)
DA:1,5
DA:4,5
DA:5,1
DA:6,1
DA:7,0
DA:11,1
DA:12,0
DA:19,1
DA:24,1
DA:27,5
DA:28,0
DA:30,0
DA:34,0
DA:35,0
DA:36,0
DA:39,5
DA:40,0
DA:41,0
DA:42,0
DA:43,0
DA:46,5
DA:47,0
DA:48,0
DA:49,0
DA:50,0
DA:53,5
DA:54,0
DA:56,0
DA:57,0
DA:58,0
DA:61,5
DA:62,2
DA:64,2
DA:65,2
DA:66,0
DA:69,5
DA:70,0
DA:72,0
DA:73,0
DA:74,0
DA:75,0
DA:78,5
LF:42
LH:17
BRDA:6,0,0,0
BRDA:6,0,1,1
BRDA:11,1,0,0
BRDA:11,1,1,1
BRF:4
BRH:2
end_of_record
TN:
SF:controllers/request_controllers.js
FN:10,(anonymous_0)
FN:16,(anonymous_1)
FN:30,(anonymous_2)
FN:50,(anonymous_3)
FN:55,(anonymous_4)
FN:219,(anonymous_5)
FN:228,(anonymous_6)
FN:234,(anonymous_7)
FN:263,(anonymous_8)
FN:268,(anonymous_9)
FNF:10
FNH:7
FNDA:1,(anonymous_0)
FNDA:1,(anonymous_1)
FNDA:1,(anonymous_2)
FNDA:0,(anonymous_3)
FNDA:1,(anonymous_4)
FNDA:0,(anonymous_5)
FNDA:1,(anonymous_6)
FNDA:1,(anonymous_7)
FNDA:1,(anonymous_8)
FNDA:0,(anonymous_9)
DA:1,5
DA:2,5
DA:3,5
DA:4,5
DA:5,5
DA:6,5
DA:7,5
DA:8,5
DA:10,5
DA:13,1
DA:15,1
DA:17,1
DA:18,1
DA:22,1
DA:26,0
DA:29,1
DA:30,1
DA:31,1
DA:34,0
DA:42,1
DA:43,1
DA:44,1
DA:50,0
DA:51,1
DA:55,5
DA:82,1
DA:95,1
DA:219,1
DA:220,0
DA:221,0
DA:223,0
DA:228,5
DA:230,1
DA:233,1
DA:240,1
DA:241,0
DA:242,0
DA:248,1
DA:251,1
DA:252,1
DA:254,1
DA:258,1
DA:261,1
DA:262,1
DA:265,1
DA:266,1
DA:269,0
DA:270,0
DA:275,0
DA:276,0
DA:280,1
DA:283,5
LF:52
LH:40
BRDA:22,0,0,0
BRDA:22,0,1,1
BRDA:31,1,0,0
BRDA:31,1,1,1
BRDA:220,2,0,0
BRDA:220,2,1,0
BRDA:240,3,0,0
BRDA:240,3,1,1
BRDA:261,4,0,1
BRDA:261,4,1,0
BRF:10
BRH:4
end_of_record
TN:
SF:controllers/user_controllers.js
FN:5,(anonymous_0)
FN:8,(anonymous_1)
FN:35,(anonymous_2)
FN:60,(anonymous_3)
FN:64,(anonymous_4)
FN:72,(anonymous_5)
FN:77,(anonymous_6)
FN:86,(anonymous_7)
FN:87,(anonymous_8)
FN:99,(anonymous_9)
FN:105,(anonymous_10)
FN:129,(anonymous_11)
FN:133,(anonymous_12)
FN:167,(anonymous_13)
FN:173,(anonymous_14)
FN:186,(anonymous_15)
FN:190,(anonymous_16)
FN:207,(anonymous_17)
FN:214,(anonymous_18)
FN:226,(anonymous_19)
FN:227,(anonymous_20)
FN:239,(anonymous_21)
FN:245,(anonymous_22)
FN:258,(anonymous_23)
FN:259,(anonymous_24)
FN:271,(anonymous_25)
FN:281,(anonymous_26)
FN:291,(anonymous_27)
FN:296,(anonymous_28)
FN:300,(anonymous_29)
FN:312,(anonymous_30)
FN:313,(anonymous_31)
FN:325,(anonymous_32)
FN:327,(anonymous_33)
FNF:34
FNH:5
FNDA:0,(anonymous_0)
FNDA:0,(anonymous_1)
FNDA:5,(anonymous_2)
FNDA:2,(anonymous_3)
FNDA:2,(anonymous_4)
FNDA:0,(anonymous_5)
FNDA:0,(anonymous_6)
FNDA:0,(anonymous_7)
FNDA:0,(anonymous_8)
FNDA:0,(anonymous_9)
FNDA:0,(anonymous_10)
FNDA:2,(anonymous_11)
FNDA:2,(anonymous_12)
FNDA:0,(anonymous_13)
FNDA:0,(anonymous_14)
FNDA:0,(anonymous_15)
FNDA:0,(anonymous_16)
FNDA:0,(anonymous_17)
FNDA:0,(anonymous_18)
FNDA:0,(anonymous_19)
FNDA:0,(anonymous_20)
FNDA:0,(anonymous_21)
FNDA:0,(anonymous_22)
FNDA:0,(anonymous_23)
FNDA:0,(anonymous_24)
FNDA:0,(anonymous_25)
FNDA:0,(anonymous_26)
FNDA:0,(anonymous_27)
FNDA:0,(anonymous_28)
FNDA:0,(anonymous_29)
FNDA:0,(anonymous_30)
FNDA:0,(anonymous_31)
FNDA:0,(anonymous_32)
FNDA:0,(anonymous_33)
DA:1,5
DA:2,5
DA:3,5
DA:5,5
DA:6,0
DA:7,0
DA:8,0
DA:9,0
DA:10,0
DA:14,0
DA:15,0
DA:21,0
DA:22,0
DA:25,0
DA:32,0
DA:35,5
DA:36,5
DA:38,5
DA:50,5
DA:51,1
DA:52,1
DA:57,4
DA:59,4
DA:61,2
DA:62,2
DA:65,2
DA:66,2
DA:69,5
DA:72,5
DA:74,0
DA:75,0
DA:77,0
DA:78,0
DA:79,0
DA:84,0
DA:85,0
DA:86,0
DA:87,0
DA:90,0
DA:96,0
DA:99,5
DA:102,0
DA:103,0
DA:105,0
DA:106,0
DA:107,0
DA:108,0
DA:114,0
DA:115,0
DA:116,0
DA:119,0
DA:120,0
DA:126,0
DA:129,5
DA:130,2
DA:133,2
DA:134,2
DA:135,0
DA:136,0
DA:142,2
DA:143,2
DA:147,2
DA:148,2
DA:156,0
DA:157,0
DA:164,2
DA:167,5
DA:170,0
DA:171,0
DA:173,0
DA:174,0
DA:175,0
DA:176,0
DA:183,0
DA:184,0
DA:185,0
DA:187,0
DA:188,0
DA:191,0
DA:192,0
DA:197,0
DA:198,0
DA:204,0
DA:207,5
DA:210,0
DA:212,0
DA:214,0
DA:215,0
DA:216,0
DA:223,0
DA:224,0
DA:225,0
DA:226,0
DA:227,0
DA:230,0
DA:236,0
DA:239,5
DA:244,0
DA:245,0
DA:246,0
DA:247,0
DA:254,0
DA:256,0
DA:257,0
DA:258,0
DA:259,0
DA:262,0
DA:268,0
DA:271,5
DA:272,0
DA:273,0
DA:276,0
DA:277,0
DA:280,0
DA:282,0
DA:283,0
DA:286,0
DA:287,0
DA:289,0
DA:291,0
DA:293,0
DA:296,5
DA:297,0
DA:298,0
DA:300,0
DA:301,0
DA:302,0
DA:309,0
DA:310,0
DA:311,0
DA:312,0
DA:313,0
DA:316,0
DA:322,0
DA:325,5
DA:326,0
DA:327,0
DA:328,0
DA:329,0
DA:331,0
DA:332,0
DA:334,0
DA:337,0
DA:340,5
LF:144
LH:35
BRDA:9,0,0,0
BRDA:9,0,1,0
BRDA:14,1,0,0
BRDA:14,1,1,0
BRDA:21,2,0,0
BRDA:21,2,1,0
BRDA:50,3,0,1
BRDA:50,3,1,4
BRDA:78,4,0,0
BRDA:78,4,1,0
BRDA:84,5,0,0
BRDA:84,5,1,0
BRDA:84,6,0,0
BRDA:84,6,1,0
BRDA:106,7,0,0
BRDA:106,7,1,0
BRDA:114,8,0,0
BRDA:114,8,1,0
BRDA:114,9,0,0
BRDA:114,9,1,0
BRDA:134,10,0,0
BRDA:134,10,1,2
BRDA:134,11,0,2
BRDA:134,11,1,2
BRDA:142,12,0,2
BRDA:142,12,1,0
BRDA:174,13,0,0
BRDA:174,13,1,0
BRDA:183,14,0,0
BRDA:183,14,1,0
BRDA:183,15,0,0
BRDA:183,15,1,0
BRDA:215,16,0,0
BRDA:215,16,1,0
BRDA:223,17,0,0
BRDA:223,17,1,0
BRDA:223,18,0,0
BRDA:223,18,1,0
BRDA:246,19,0,0
BRDA:246,19,1,0
BRDA:254,20,0,0
BRDA:254,20,1,0
BRDA:276,21,0,0
BRDA:276,21,1,0
BRDA:276,22,0,0
BRDA:276,22,1,0
BRDA:282,23,0,0
BRDA:282,23,1,0
BRDA:286,24,0,0
BRDA:286,24,1,0
BRDA:301,25,0,0
BRDA:301,25,1,0
BRDA:309,26,0,0
BRDA:309,26,1,0
BRDA:309,27,0,0
BRDA:309,27,1,0
BRDA:328,28,0,0
BRDA:328,28,1,0
BRDA:331,29,0,0
BRDA:331,29,1,0
BRF:60
BRH:6
end_of_record
TN:
SF:models/event.js
FNF:0
FNH:0
DA:1,5
DA:2,5
DA:3,5
DA:5,5
DA:9,5
DA:10,5
DA:12,5
DA:92,5
DA:94,5
LF:9
LH:9
BRF:0
BRH:0
end_of_record
TN:
SF:models/presenter.js
FNF:0
FNH:0
DA:1,5
DA:3,5
DA:6,5
DA:8,5
DA:55,5
DA:57,5
LF:6
LH:6
BRF:0
BRH:0
end_of_record
TN:
SF:models/request.js
FN:10,(anonymous_0)
FN:13,(anonymous_1)
FNF:2
FNH:1
FNDA:1,(anonymous_0)
FNDA:0,(anonymous_1)
DA:1,5
DA:2,5
DA:3,5
DA:5,5
DA:11,1
DA:13,0
DA:30,5
DA:32,5
LF:8
LH:7
BRF:0
BRH:0
end_of_record
TN:
SF:models/user.js
FN:12,(anonymous_0)
FN:15,(anonymous_1)
FN:71,(anonymous_2)
FN:75,(anonymous_3)
FNF:4
FNH:4
FNDA:5,(anonymous_0)
FNDA:1,(anonymous_1)
FNDA:5,(anonymous_2)
FNDA:4,(anonymous_3)
DA:1,5
DA:2,5
DA:3,5
DA:4,5
DA:6,5
DA:13,5
DA:15,1
DA:71,5
DA:72,5
DA:75,5
DA:76,4
DA:77,4
DA:80,5
DA:82,5
LF:14
LH:14
BRF:0
BRH:0
end_of_record
TN:
SF:routes/email_routes.js
FNF:0
FNH:0
DA:1,5
DA:2,5
DA:3,5
DA:6,5
DA:8,5
LF:5
LH:5
BRF:0
BRH:0
end_of_record
TN:
SF:routes/event_routes.js
FNF:0
FNH:0
DA:1,5
DA:2,5
DA:3,5
DA:5,5
DA:8,5
DA:9,5
DA:10,5
DA:11,5
DA:12,5
DA:13,5
DA:14,5
DA:15,5
DA:16,5
DA:17,5
DA:18,5
DA:19,5
DA:20,5
DA:22,5
LF:18
LH:18
BRF:0
BRH:0
end_of_record
TN:
SF:routes/index.js
FNF:0
FNH:0
DA:1,5
DA:2,5
DA:4,5
DA:5,5
DA:6,5
DA:7,5
DA:9,5
DA:12,5
LF:8
LH:8
BRF:0
BRH:0
end_of_record
TN:
SF:routes/presenter_routes.js
FNF:0
FNH:0
DA:1,5
DA:2,5
DA:3,5
DA:5,5
DA:7,5
DA:8,5
DA:9,5
DA:10,5
DA:11,5
DA:12,5
DA:13,5
DA:15,5
LF:12
LH:12
BRF:0
BRH:0
end_of_record
TN:
SF:routes/request_routes.js
FNF:0
FNH:0
DA:1,5
DA:2,5
DA:3,5
DA:5,5
DA:7,5
DA:8,5
DA:10,5
LF:7
LH:7
BRF:0
BRH:0
end_of_record
TN:
SF:routes/token_middleware.js
FN:4,(anonymous_0)
FN:16,(anonymous_1)
FN:46,(anonymous_2)
FN:57,(anonymous_3)
FNF:4
FNH:4
FNDA:4,(anonymous_0)
FNDA:4,(anonymous_1)
FNDA:13,(anonymous_2)
FNDA:13,(anonymous_3)
DA:1,5
DA:4,5
DA:7,4
DA:10,4
DA:12,0
DA:14,4
DA:16,4
DA:17,4
DA:18,4
DA:24,0
DA:25,0
DA:38,0
DA:46,5
DA:48,13
DA:51,13
DA:53,0
DA:55,13
DA:57,13
DA:58,13
DA:59,12
DA:65,1
DA:66,1
DA:67,1
DA:70,0
DA:79,0
DA:87,5
LF:26
LH:19
BRDA:7,0,0,4
BRDA:7,0,1,4
BRDA:7,0,2,0
BRDA:10,1,0,0
BRDA:10,1,1,4
BRDA:14,2,0,4
BRDA:14,2,1,0
BRDA:17,3,0,4
BRDA:17,3,1,0
BRDA:48,4,0,13
BRDA:48,4,1,13
BRDA:48,4,2,0
BRDA:51,5,0,0
BRDA:51,5,1,13
BRDA:55,6,0,13
BRDA:55,6,1,0
BRDA:58,7,0,12
BRDA:58,7,1,1
BRDA:65,8,0,1
BRDA:65,8,1,0
BRF:20
BRH:12
end_of_record
TN:
SF:routes/user_routes.js
FNF:0
FNH:0
DA:1,5
DA:2,5
DA:3,5
DA:5,5
DA:7,5
DA:8,5
DA:11,5
DA:12,5
DA:13,5
DA:14,5
DA:15,5
DA:16,5
DA:17,5
DA:18,5
DA:19,5
DA:21,5
LF:16
LH:16
BRF:0
BRH:0
end_of_record
